
*** Running vivado
    with args -log design_1_eth_rx_0_2.vds -m64 -product Vivado -mode batch -messageDb vivado.pb -notrace -source design_1_eth_rx_0_2.tcl



****** Vivado v2025.2 (64-bit)
  **** SW Build 6299465 on Fri Nov 14 19:35:11 GMT 2025
  **** IP Build 6300035 on Fri Nov 14 10:48:45 MST 2025
  **** SharedData Build 6298862 on Thu Nov 13 04:50:51 MST 2025
  **** Start of session at: Sun Jun 14 20:20:59 2026
    ** Copyright 1986-2022 Xilinx, Inc. All Rights Reserved.
    ** Copyright 2022-2025 Advanced Micro Devices, Inc. All Rights Reserved.

source design_1_eth_rx_0_2.tcl -notrace
create_project: Time (s): cpu = 00:00:05 ; elapsed = 00:00:05 . Memory (MB): peak = 527.340 ; gain = 220.242
INFO: [IP_Flow 19-234] Refreshing IP repositories
INFO: [IP_Flow 19-1704] No user IP repositories specified
INFO: [IP_Flow 19-2313] Loaded Vivado IP repository 'C:/AMDDesignTools/2025.2/Vivado/data/ip'.
Command: synth_design -top design_1_eth_rx_0_2 -part xc7a35tcpg236-1 -incremental_mode off -mode out_of_context
Starting synth_design
Attempting to get a license for feature 'Synthesis' and/or device 'xc7a35t'
INFO: [Common 17-349] Got license for feature 'Synthesis' and/or device 'xc7a35t'
INFO: [Device 21-403] Loading part xc7a35tcpg236-1
INFO: [Synth 8-7079] Multithreading enabled for synth_design using a maximum of 2 processes.
INFO: [Synth 8-7078] Launching helper process for spawning children vivado processes
INFO: [Synth 8-7075] Helper process launched with PID 35056
---------------------------------------------------------------------------------
Starting RTL Elaboration : Time (s): cpu = 00:00:03 ; elapsed = 00:00:04 . Memory (MB): peak = 1269.160 ; gain = 538.844
---------------------------------------------------------------------------------
INFO: [Synth 8-638] synthesizing module 'design_1_eth_rx_0_2' [c:/Users/ameen.shaikh/Desktop/projects/rmii_ethernet/rmii_ethernet.gen/sources_1/bd/design_1/ip/design_1_eth_rx_0_2/synth/design_1_eth_rx_0_2.vhd:101]
INFO: [Synth 8-3491] module 'eth_rx' declared at 'C:/Users/ameen.shaikh/Desktop/projects/rmii_ethernet/src/eth_rx.vhd:10' bound to instance 'U0' of component 'eth_rx' [c:/Users/ameen.shaikh/Desktop/projects/rmii_ethernet/rmii_ethernet.gen/sources_1/bd/design_1/ip/design_1_eth_rx_0_2/synth/design_1_eth_rx_0_2.vhd:209]
INFO: [Synth 8-638] synthesizing module 'eth_rx' [C:/Users/ameen.shaikh/Desktop/projects/rmii_ethernet/src/eth_rx.vhd:76]
	Parameter FIFO_MEMORY_TYPE bound to: block - type: string 
	Parameter FIFO_WRITE_DEPTH bound to: 512 - type: integer 
	Parameter CASCADE_HEIGHT bound to: 0 - type: integer 
	Parameter RELATED_CLOCKS bound to: 0 - type: integer 
	Parameter WRITE_DATA_WIDTH bound to: 10 - type: integer 
	Parameter READ_MODE bound to: std - type: string 
	Parameter FIFO_READ_LATENCY bound to: 1 - type: integer 
	Parameter FULL_RESET_VALUE bound to: 0 - type: integer 
	Parameter USE_ADV_FEATURES bound to: 0000 - type: string 
	Parameter READ_DATA_WIDTH bound to: 10 - type: integer 
	Parameter CDC_SYNC_STAGES bound to: 2 - type: integer 
	Parameter WR_DATA_COUNT_WIDTH bound to: 1 - type: integer 
	Parameter PROG_FULL_THRESH bound to: 500 - type: integer 
	Parameter RD_DATA_COUNT_WIDTH bound to: 1 - type: integer 
	Parameter PROG_EMPTY_THRESH bound to: 10 - type: integer 
	Parameter DOUT_RESET_VALUE bound to: 0 - type: string 
	Parameter ECC_MODE bound to: no_ecc - type: string 
	Parameter SIM_ASSERT_CHK bound to: 0 - type: integer 
	Parameter EN_SIM_ASSERT_ERR bound to: warning - type: string 
	Parameter WAKEUP_TIME bound to: 0 - type: integer 
INFO: [Synth 8-3491] module 'xpm_fifo_async' declared at 'C:/AMDDesignTools/2025.2/Vivado/data/ip/xpm/xpm_fifo/hdl/xpm_fifo.sv:2173' bound to instance 'rx_async_fifo_inst' of component 'xpm_fifo_async' [C:/Users/ameen.shaikh/Desktop/projects/rmii_ethernet/src/eth_rx.vhd:107]
INFO: [Synth 8-6157] synthesizing module 'xpm_fifo_async' [C:/AMDDesignTools/2025.2/Vivado/data/ip/xpm/xpm_fifo/hdl/xpm_fifo.sv:2173]
INFO: [Synth 8-6157] synthesizing module 'xpm_fifo_base' [C:/AMDDesignTools/2025.2/Vivado/data/ip/xpm/xpm_fifo/hdl/xpm_fifo.sv:53]
INFO: [Synth 8-6157] synthesizing module 'xpm_memory_base' [C:/AMDDesignTools/2025.2/Vivado/data/ip/xpm/xpm_memory/hdl/xpm_memory.sv:54]
INFO: [Synth 8-6155] done synthesizing module 'xpm_memory_base' (0#1) [C:/AMDDesignTools/2025.2/Vivado/data/ip/xpm/xpm_memory/hdl/xpm_memory.sv:54]
INFO: [Synth 8-6157] synthesizing module 'xpm_cdc_gray' [C:/AMDDesignTools/2025.2/Vivado/data/ip/xpm/xpm_cdc/hdl/xpm_cdc.sv:283]
INFO: [Synth 8-6155] done synthesizing module 'xpm_cdc_gray' (0#1) [C:/AMDDesignTools/2025.2/Vivado/data/ip/xpm/xpm_cdc/hdl/xpm_cdc.sv:283]
INFO: [Synth 8-6157] synthesizing module 'xpm_fifo_reg_vec' [C:/AMDDesignTools/2025.2/Vivado/data/ip/xpm/xpm_fifo/hdl/xpm_fifo.sv:1905]
INFO: [Synth 8-6155] done synthesizing module 'xpm_fifo_reg_vec' (0#1) [C:/AMDDesignTools/2025.2/Vivado/data/ip/xpm/xpm_fifo/hdl/xpm_fifo.sv:1905]
INFO: [Synth 8-6157] synthesizing module 'xpm_cdc_gray__parameterized0' [C:/AMDDesignTools/2025.2/Vivado/data/ip/xpm/xpm_cdc/hdl/xpm_cdc.sv:283]
INFO: [Synth 8-6155] done synthesizing module 'xpm_cdc_gray__parameterized0' (0#1) [C:/AMDDesignTools/2025.2/Vivado/data/ip/xpm/xpm_cdc/hdl/xpm_cdc.sv:283]
INFO: [Synth 8-6157] synthesizing module 'xpm_fifo_reg_vec__parameterized0' [C:/AMDDesignTools/2025.2/Vivado/data/ip/xpm/xpm_fifo/hdl/xpm_fifo.sv:1905]
INFO: [Synth 8-6155] done synthesizing module 'xpm_fifo_reg_vec__parameterized0' (0#1) [C:/AMDDesignTools/2025.2/Vivado/data/ip/xpm/xpm_fifo/hdl/xpm_fifo.sv:1905]
INFO: [Synth 8-6157] synthesizing module 'xpm_fifo_rst' [C:/AMDDesignTools/2025.2/Vivado/data/ip/xpm/xpm_fifo/hdl/xpm_fifo.sv:1639]
INFO: [Synth 8-6157] synthesizing module 'xpm_cdc_sync_rst' [C:/AMDDesignTools/2025.2/Vivado/data/ip/xpm/xpm_cdc/hdl/xpm_cdc.sv:1059]
INFO: [Synth 8-6155] done synthesizing module 'xpm_cdc_sync_rst' (0#1) [C:/AMDDesignTools/2025.2/Vivado/data/ip/xpm/xpm_cdc/hdl/xpm_cdc.sv:1059]
INFO: [Synth 8-6155] done synthesizing module 'xpm_fifo_rst' (0#1) [C:/AMDDesignTools/2025.2/Vivado/data/ip/xpm/xpm_fifo/hdl/xpm_fifo.sv:1639]
INFO: [Synth 8-6157] synthesizing module 'xpm_fifo_reg_bit' [C:/AMDDesignTools/2025.2/Vivado/data/ip/xpm/xpm_fifo/hdl/xpm_fifo.sv:1927]
INFO: [Synth 8-6155] done synthesizing module 'xpm_fifo_reg_bit' (0#1) [C:/AMDDesignTools/2025.2/Vivado/data/ip/xpm/xpm_fifo/hdl/xpm_fifo.sv:1927]
INFO: [Synth 8-6157] synthesizing module 'xpm_counter_updn' [C:/AMDDesignTools/2025.2/Vivado/data/ip/xpm/xpm_fifo/hdl/xpm_fifo.sv:1879]
INFO: [Synth 8-6155] done synthesizing module 'xpm_counter_updn' (0#1) [C:/AMDDesignTools/2025.2/Vivado/data/ip/xpm/xpm_fifo/hdl/xpm_fifo.sv:1879]
INFO: [Synth 8-6157] synthesizing module 'xpm_counter_updn__parameterized0' [C:/AMDDesignTools/2025.2/Vivado/data/ip/xpm/xpm_fifo/hdl/xpm_fifo.sv:1879]
INFO: [Synth 8-6155] done synthesizing module 'xpm_counter_updn__parameterized0' (0#1) [C:/AMDDesignTools/2025.2/Vivado/data/ip/xpm/xpm_fifo/hdl/xpm_fifo.sv:1879]
INFO: [Synth 8-6157] synthesizing module 'xpm_counter_updn__parameterized1' [C:/AMDDesignTools/2025.2/Vivado/data/ip/xpm/xpm_fifo/hdl/xpm_fifo.sv:1879]
INFO: [Synth 8-6155] done synthesizing module 'xpm_counter_updn__parameterized1' (0#1) [C:/AMDDesignTools/2025.2/Vivado/data/ip/xpm/xpm_fifo/hdl/xpm_fifo.sv:1879]
INFO: [Synth 8-6155] done synthesizing module 'xpm_fifo_base' (0#1) [C:/AMDDesignTools/2025.2/Vivado/data/ip/xpm/xpm_fifo/hdl/xpm_fifo.sv:53]
INFO: [Synth 8-6155] done synthesizing module 'xpm_fifo_async' (0#1) [C:/AMDDesignTools/2025.2/Vivado/data/ip/xpm/xpm_fifo/hdl/xpm_fifo.sv:2173]
INFO: [Synth 8-638] synthesizing module 'rmii_mac_rx' [C:/Users/ameen.shaikh/Desktop/projects/rmii_ethernet/src/rmii_mac_rx.vhd:21]
INFO: [Synth 8-256] done synthesizing module 'rmii_mac_rx' (0#1) [C:/Users/ameen.shaikh/Desktop/projects/rmii_ethernet/src/rmii_mac_rx.vhd:21]
INFO: [Synth 8-638] synthesizing module 'eth_rx_dma' [C:/Users/ameen.shaikh/Desktop/projects/rmii_ethernet/src/eth_rx_dma/eth_rx_dma.vhd:71]
INFO: [Synth 8-638] synthesizing module 'dma_payload_collector' [C:/Users/ameen.shaikh/Desktop/projects/rmii_ethernet/src/eth_rx_dma/dma_payload_collector.vhd:33]
INFO: [Synth 8-256] done synthesizing module 'dma_payload_collector' (0#1) [C:/Users/ameen.shaikh/Desktop/projects/rmii_ethernet/src/eth_rx_dma/dma_payload_collector.vhd:33]
INFO: [Synth 8-638] synthesizing module 'dma_axi_writer' [C:/Users/ameen.shaikh/Desktop/projects/rmii_ethernet/src/eth_rx_dma/dma_axi_writer.vhd:55]
INFO: [Synth 8-256] done synthesizing module 'dma_axi_writer' (0#1) [C:/Users/ameen.shaikh/Desktop/projects/rmii_ethernet/src/eth_rx_dma/dma_axi_writer.vhd:55]
INFO: [Synth 8-638] synthesizing module 'dma_status_manager' [C:/Users/ameen.shaikh/Desktop/projects/rmii_ethernet/src/eth_rx_dma/dma_status_manager.vhd:60]
INFO: [Synth 8-256] done synthesizing module 'dma_status_manager' (0#1) [C:/Users/ameen.shaikh/Desktop/projects/rmii_ethernet/src/eth_rx_dma/dma_status_manager.vhd:60]
INFO: [Synth 8-256] done synthesizing module 'eth_rx_dma' (0#1) [C:/Users/ameen.shaikh/Desktop/projects/rmii_ethernet/src/eth_rx_dma/eth_rx_dma.vhd:71]
INFO: [Synth 8-256] done synthesizing module 'eth_rx' (0#1) [C:/Users/ameen.shaikh/Desktop/projects/rmii_ethernet/src/eth_rx.vhd:76]
INFO: [Synth 8-256] done synthesizing module 'design_1_eth_rx_0_2' (0#1) [c:/Users/ameen.shaikh/Desktop/projects/rmii_ethernet/rmii_ethernet.gen/sources_1/bd/design_1/ip/design_1_eth_rx_0_2/synth/design_1_eth_rx_0_2.vhd:101]
WARNING: [Synth 8-6014] Unused sequential element dest_out_bin_ff_reg was removed.  [C:/AMDDesignTools/2025.2/Vivado/data/ip/xpm/xpm_cdc/hdl/xpm_cdc.sv:417]
WARNING: [Synth 8-6014] Unused sequential element dest_out_bin_ff_reg was removed.  [C:/AMDDesignTools/2025.2/Vivado/data/ip/xpm/xpm_cdc/hdl/xpm_cdc.sv:417]
WARNING: [Synth 8-6014] Unused sequential element axi4_lite_rd_addr_offset_reg_reg was removed.  [C:/Users/ameen.shaikh/Desktop/projects/rmii_ethernet/src/eth_rx_dma/dma_status_manager.vhd:176]
INFO: [Synth 8-7129] Port S_AXI_AWADDR[31] in module dma_status_manager is either unconnected or has no load
INFO: [Synth 8-7129] Port S_AXI_AWADDR[30] in module dma_status_manager is either unconnected or has no load
INFO: [Synth 8-7129] Port S_AXI_AWADDR[29] in module dma_status_manager is either unconnected or has no load
INFO: [Synth 8-7129] Port S_AXI_AWADDR[28] in module dma_status_manager is either unconnected or has no load
INFO: [Synth 8-7129] Port S_AXI_AWADDR[27] in module dma_status_manager is either unconnected or has no load
INFO: [Synth 8-7129] Port S_AXI_AWADDR[26] in module dma_status_manager is either unconnected or has no load
INFO: [Synth 8-7129] Port S_AXI_AWADDR[25] in module dma_status_manager is either unconnected or has no load
INFO: [Synth 8-7129] Port S_AXI_AWADDR[24] in module dma_status_manager is either unconnected or has no load
INFO: [Synth 8-7129] Port S_AXI_AWADDR[23] in module dma_status_manager is either unconnected or has no load
INFO: [Synth 8-7129] Port S_AXI_AWADDR[22] in module dma_status_manager is either unconnected or has no load
INFO: [Synth 8-7129] Port S_AXI_AWADDR[21] in module dma_status_manager is either unconnected or has no load
INFO: [Synth 8-7129] Port S_AXI_AWADDR[20] in module dma_status_manager is either unconnected or has no load
INFO: [Synth 8-7129] Port S_AXI_AWADDR[19] in module dma_status_manager is either unconnected or has no load
INFO: [Synth 8-7129] Port S_AXI_AWADDR[18] in module dma_status_manager is either unconnected or has no load
INFO: [Synth 8-7129] Port S_AXI_AWADDR[17] in module dma_status_manager is either unconnected or has no load
INFO: [Synth 8-7129] Port S_AXI_AWADDR[16] in module dma_status_manager is either unconnected or has no load
INFO: [Synth 8-7129] Port S_AXI_AWADDR[15] in module dma_status_manager is either unconnected or has no load
INFO: [Synth 8-7129] Port S_AXI_AWADDR[14] in module dma_status_manager is either unconnected or has no load
INFO: [Synth 8-7129] Port S_AXI_AWADDR[13] in module dma_status_manager is either unconnected or has no load
INFO: [Synth 8-7129] Port S_AXI_AWADDR[12] in module dma_status_manager is either unconnected or has no load
INFO: [Synth 8-7129] Port S_AXI_AWADDR[11] in module dma_status_manager is either unconnected or has no load
INFO: [Synth 8-7129] Port S_AXI_AWADDR[10] in module dma_status_manager is either unconnected or has no load
INFO: [Synth 8-7129] Port S_AXI_AWADDR[9] in module dma_status_manager is either unconnected or has no load
INFO: [Synth 8-7129] Port S_AXI_AWADDR[8] in module dma_status_manager is either unconnected or has no load
INFO: [Synth 8-7129] Port S_AXI_AWADDR[7] in module dma_status_manager is either unconnected or has no load
INFO: [Synth 8-7129] Port S_AXI_AWADDR[6] in module dma_status_manager is either unconnected or has no load
INFO: [Synth 8-7129] Port S_AXI_AWADDR[5] in module dma_status_manager is either unconnected or has no load
INFO: [Synth 8-7129] Port S_AXI_AWADDR[4] in module dma_status_manager is either unconnected or has no load
INFO: [Synth 8-7129] Port S_AXI_AWPROT[2] in module dma_status_manager is either unconnected or has no load
INFO: [Synth 8-7129] Port S_AXI_AWPROT[1] in module dma_status_manager is either unconnected or has no load
INFO: [Synth 8-7129] Port S_AXI_AWPROT[0] in module dma_status_manager is either unconnected or has no load
INFO: [Synth 8-7129] Port S_AXI_WSTRB[3] in module dma_status_manager is either unconnected or has no load
INFO: [Synth 8-7129] Port S_AXI_WSTRB[2] in module dma_status_manager is either unconnected or has no load
INFO: [Synth 8-7129] Port S_AXI_WSTRB[1] in module dma_status_manager is either unconnected or has no load
INFO: [Synth 8-7129] Port S_AXI_WSTRB[0] in module dma_status_manager is either unconnected or has no load
INFO: [Synth 8-7129] Port S_AXI_ARADDR[31] in module dma_status_manager is either unconnected or has no load
INFO: [Synth 8-7129] Port S_AXI_ARADDR[30] in module dma_status_manager is either unconnected or has no load
INFO: [Synth 8-7129] Port S_AXI_ARADDR[29] in module dma_status_manager is either unconnected or has no load
INFO: [Synth 8-7129] Port S_AXI_ARADDR[28] in module dma_status_manager is either unconnected or has no load
INFO: [Synth 8-7129] Port S_AXI_ARADDR[27] in module dma_status_manager is either unconnected or has no load
INFO: [Synth 8-7129] Port S_AXI_ARADDR[26] in module dma_status_manager is either unconnected or has no load
INFO: [Synth 8-7129] Port S_AXI_ARADDR[25] in module dma_status_manager is either unconnected or has no load
INFO: [Synth 8-7129] Port S_AXI_ARADDR[24] in module dma_status_manager is either unconnected or has no load
INFO: [Synth 8-7129] Port S_AXI_ARADDR[23] in module dma_status_manager is either unconnected or has no load
INFO: [Synth 8-7129] Port S_AXI_ARADDR[22] in module dma_status_manager is either unconnected or has no load
INFO: [Synth 8-7129] Port S_AXI_ARADDR[21] in module dma_status_manager is either unconnected or has no load
INFO: [Synth 8-7129] Port S_AXI_ARADDR[20] in module dma_status_manager is either unconnected or has no load
INFO: [Synth 8-7129] Port S_AXI_ARADDR[19] in module dma_status_manager is either unconnected or has no load
INFO: [Synth 8-7129] Port S_AXI_ARADDR[18] in module dma_status_manager is either unconnected or has no load
INFO: [Synth 8-7129] Port S_AXI_ARADDR[17] in module dma_status_manager is either unconnected or has no load
INFO: [Synth 8-7129] Port S_AXI_ARADDR[16] in module dma_status_manager is either unconnected or has no load
INFO: [Synth 8-7129] Port S_AXI_ARADDR[15] in module dma_status_manager is either unconnected or has no load
INFO: [Synth 8-7129] Port S_AXI_ARADDR[14] in module dma_status_manager is either unconnected or has no load
INFO: [Synth 8-7129] Port S_AXI_ARADDR[13] in module dma_status_manager is either unconnected or has no load
INFO: [Synth 8-7129] Port S_AXI_ARADDR[12] in module dma_status_manager is either unconnected or has no load
INFO: [Synth 8-7129] Port S_AXI_ARADDR[11] in module dma_status_manager is either unconnected or has no load
INFO: [Synth 8-7129] Port S_AXI_ARADDR[10] in module dma_status_manager is either unconnected or has no load
INFO: [Synth 8-7129] Port S_AXI_ARADDR[9] in module dma_status_manager is either unconnected or has no load
INFO: [Synth 8-7129] Port S_AXI_ARADDR[8] in module dma_status_manager is either unconnected or has no load
INFO: [Synth 8-7129] Port S_AXI_ARADDR[7] in module dma_status_manager is either unconnected or has no load
INFO: [Synth 8-7129] Port S_AXI_ARADDR[6] in module dma_status_manager is either unconnected or has no load
INFO: [Synth 8-7129] Port S_AXI_ARADDR[5] in module dma_status_manager is either unconnected or has no load
INFO: [Synth 8-7129] Port S_AXI_ARADDR[4] in module dma_status_manager is either unconnected or has no load
INFO: [Synth 8-7129] Port S_AXI_ARPROT[2] in module dma_status_manager is either unconnected or has no load
INFO: [Synth 8-7129] Port S_AXI_ARPROT[1] in module dma_status_manager is either unconnected or has no load
INFO: [Synth 8-7129] Port S_AXI_ARPROT[0] in module dma_status_manager is either unconnected or has no load
INFO: [Synth 8-7129] Port M_AXI_BRESP[1] in module dma_axi_writer is either unconnected or has no load
INFO: [Synth 8-7129] Port M_AXI_BRESP[0] in module dma_axi_writer is either unconnected or has no load
INFO: [Synth 8-7129] Port i_rxer in module rmii_mac_rx is either unconnected or has no load
INFO: [Synth 8-7129] Port sleep in module xpm_memory_base is either unconnected or has no load
INFO: [Synth 8-7129] Port rsta in module xpm_memory_base is either unconnected or has no load
INFO: [Synth 8-7129] Port regcea in module xpm_memory_base is either unconnected or has no load
INFO: [Synth 8-7129] Port injectsbiterra in module xpm_memory_base is either unconnected or has no load
INFO: [Synth 8-7129] Port injectdbiterra in module xpm_memory_base is either unconnected or has no load
INFO: [Synth 8-7129] Port regceb in module xpm_memory_base is either unconnected or has no load
INFO: [Synth 8-7129] Port dinb[9] in module xpm_memory_base is either unconnected or has no load
INFO: [Synth 8-7129] Port dinb[8] in module xpm_memory_base is either unconnected or has no load
INFO: [Synth 8-7129] Port dinb[7] in module xpm_memory_base is either unconnected or has no load
INFO: [Synth 8-7129] Port dinb[6] in module xpm_memory_base is either unconnected or has no load
INFO: [Synth 8-7129] Port dinb[5] in module xpm_memory_base is either unconnected or has no load
INFO: [Synth 8-7129] Port dinb[4] in module xpm_memory_base is either unconnected or has no load
INFO: [Synth 8-7129] Port dinb[3] in module xpm_memory_base is either unconnected or has no load
INFO: [Synth 8-7129] Port dinb[2] in module xpm_memory_base is either unconnected or has no load
INFO: [Synth 8-7129] Port dinb[1] in module xpm_memory_base is either unconnected or has no load
INFO: [Synth 8-7129] Port dinb[0] in module xpm_memory_base is either unconnected or has no load
INFO: [Synth 8-7129] Port injectsbiterrb in module xpm_memory_base is either unconnected or has no load
INFO: [Synth 8-7129] Port injectdbiterrb in module xpm_memory_base is either unconnected or has no load
---------------------------------------------------------------------------------
Finished RTL Elaboration : Time (s): cpu = 00:00:05 ; elapsed = 00:00:06 . Memory (MB): peak = 1415.977 ; gain = 685.660
---------------------------------------------------------------------------------
---------------------------------------------------------------------------------
Start Handling Custom Attributes
---------------------------------------------------------------------------------
---------------------------------------------------------------------------------
Finished Handling Custom Attributes : Time (s): cpu = 00:00:05 ; elapsed = 00:00:06 . Memory (MB): peak = 1415.977 ; gain = 685.660
---------------------------------------------------------------------------------
---------------------------------------------------------------------------------
Finished RTL Optimization Phase 1 : Time (s): cpu = 00:00:05 ; elapsed = 00:00:06 . Memory (MB): peak = 1415.977 ; gain = 685.660
---------------------------------------------------------------------------------
Netlist sorting complete. Time (s): cpu = 00:00:00 ; elapsed = 00:00:00.028 . Memory (MB): peak = 1415.977 ; gain = 0.000
INFO: [Project 1-570] Preparing netlist for logic optimization

Processing XDC Constraints
Initializing timing engine
INFO: [Project 1-236] Implementation specific constraints were found while reading constraint file [C:/AMDDesignTools/2025.2/Vivado/data/ip/xpm/xpm_cdc/tcl/xpm_cdc_gray.tcl]. These constraints will be ignored for synthesis but will be used in implementation. Impacted constraints are listed in the file [.Xil/design_1_eth_rx_0_2_propImpl.xdc].
Resolution: To avoid this warning, move constraints listed in [.Xil/design_1_eth_rx_0_2_propImpl.xdc] to another XDC file and exclude this new file from synthesis with the used_in_synthesis property (File Properties dialog in GUI) and re-run elaboration/synthesis.
INFO: [Project 1-236] Implementation specific constraints were found while reading constraint file [C:/AMDDesignTools/2025.2/Vivado/data/ip/xpm/xpm_fifo/tcl/xpm_fifo_rst.tcl]. These constraints will be ignored for synthesis but will be used in implementation. Impacted constraints are listed in the file [.Xil/design_1_eth_rx_0_2_propImpl.xdc].
Resolution: To avoid this warning, move constraints listed in [.Xil/design_1_eth_rx_0_2_propImpl.xdc] to another XDC file and exclude this new file from synthesis with the used_in_synthesis property (File Properties dialog in GUI) and re-run elaboration/synthesis.
INFO: [Project 1-1714] 7 XPM XDC files have been applied to the design.
Completed Processing XDC Constraints

Netlist sorting complete. Time (s): cpu = 00:00:00 ; elapsed = 00:00:00 . Memory (MB): peak = 1415.977 ; gain = 0.000
INFO: [Project 1-111] Unisim Transformation Summary:
No Unisim elements were transformed.

Constraint Validation Runtime : Time (s): cpu = 00:00:00 ; elapsed = 00:00:00.050 . Memory (MB): peak = 1415.977 ; gain = 0.000
INFO: [Designutils 20-5008] Incremental synthesis strategy off
---------------------------------------------------------------------------------
Finished Constraint Validation : Time (s): cpu = 00:00:10 ; elapsed = 00:00:11 . Memory (MB): peak = 1415.977 ; gain = 685.660
---------------------------------------------------------------------------------
---------------------------------------------------------------------------------
Start Loading Part and Timing Information
---------------------------------------------------------------------------------
Loading part: xc7a35tcpg236-1
---------------------------------------------------------------------------------
Finished Loading Part and Timing Information : Time (s): cpu = 00:00:10 ; elapsed = 00:00:11 . Memory (MB): peak = 1415.977 ; gain = 685.660
---------------------------------------------------------------------------------
---------------------------------------------------------------------------------
Start Applying 'set_property' XDC Constraints
---------------------------------------------------------------------------------
---------------------------------------------------------------------------------
Finished applying 'set_property' XDC Constraints : Time (s): cpu = 00:00:10 ; elapsed = 00:00:11 . Memory (MB): peak = 1415.977 ; gain = 685.660
---------------------------------------------------------------------------------
INFO: [Synth 8-802] inferred FSM for state register 'gen_rst_ic.curr_wrst_state_reg' in module 'xpm_fifo_rst'
INFO: [Synth 8-802] inferred FSM for state register 'gen_rst_ic.curr_rrst_state_reg' in module 'xpm_fifo_rst'
INFO: [Synth 8-802] inferred FSM for state register 'rx_state_q_reg' in module 'rmii_mac_rx'
INFO: [Synth 8-802] inferred FSM for state register 'state_reg_reg' in module 'dma_payload_collector'
INFO: [Synth 8-802] inferred FSM for state register 'axi_writer_state_reg_reg' in module 'dma_axi_writer'
INFO: [Synth 8-802] inferred FSM for state register 'state_reg_reg' in module 'dma_status_manager'
INFO: [Synth 8-802] inferred FSM for state register 'dma_state_reg_reg' in module 'dma_status_manager'
INFO: [Synth 8-5775] Found 'rw_addr_collision' attribute set to 'no' on SDP RAM gen_wr_a.gen_word_narrow.mem_reg. Setting write mode to NO_CHANGE 
INFO: [Synth 8-5552] Implemented safe state 'default_state' for state register 'gen_rst_ic.curr_wrst_state_reg' in module 'xpm_fifo_rst'
---------------------------------------------------------------------------------------------------
                   State |                     New Encoding |                Previous Encoding 
---------------------------------------------------------------------------------------------------
*
               WRST_IDLE |                            00001 |                              000
                 WRST_IN |                            00010 |                              010
                WRST_OUT |                            00100 |                              111
               WRST_EXIT |                            01000 |                              110
            WRST_GO2IDLE |                            10000 |                              100
---------------------------------------------------------------------------------------------------
INFO: [Synth 8-3354] encoded FSM with state register 'gen_rst_ic.curr_wrst_state_reg' using encoding 'one-hot' in module 'xpm_fifo_rst'
INFO: [Synth 8-5552] Implemented safe state 'default_state' for state register 'gen_rst_ic.curr_rrst_state_reg' in module 'xpm_fifo_rst'
---------------------------------------------------------------------------------------------------
                   State |                     New Encoding |                Previous Encoding 
---------------------------------------------------------------------------------------------------
*
               RRST_IDLE |                               00 |                               00
                 RRST_IN |                               01 |                               10
                RRST_OUT |                               10 |                               11
               RRST_EXIT |                               11 |                               01
---------------------------------------------------------------------------------------------------
INFO: [Synth 8-3354] encoded FSM with state register 'gen_rst_ic.curr_rrst_state_reg' using encoding 'sequential' in module 'xpm_fifo_rst'
---------------------------------------------------------------------------------------------------
                   State |                     New Encoding |                Previous Encoding 
---------------------------------------------------------------------------------------------------
              s_preamble |                              000 |                              000
             s_dest_addr |                              001 |                              001
              s_src_addr |                              010 |                              010
                  s_type |                              011 |                              011
                  s_data |                              100 |                              100
---------------------------------------------------------------------------------------------------
INFO: [Synth 8-3354] encoded FSM with state register 'rx_state_q_reg' using encoding 'sequential' in module 'rmii_mac_rx'
---------------------------------------------------------------------------------------------------
                   State |                     New Encoding |                Previous Encoding 
---------------------------------------------------------------------------------------------------
                  s_idle |                               00 |                               00
          s_handle_entry |                               01 |                               01
            s_ready_wait |                               10 |                               10
---------------------------------------------------------------------------------------------------
INFO: [Synth 8-3354] encoded FSM with state register 'state_reg_reg' using encoding 'sequential' in module 'dma_payload_collector'
---------------------------------------------------------------------------------------------------
                   State |                     New Encoding |                Previous Encoding 
---------------------------------------------------------------------------------------------------
                  s_idle |                            00001 |                              000
            s_recv_chunk |                            00010 |                              001
               s_awvalid |                            00100 |                              010
             s_axi_write |                            01000 |                              011
                s_wait_b |                            10000 |                              100
---------------------------------------------------------------------------------------------------
INFO: [Synth 8-3354] encoded FSM with state register 'axi_writer_state_reg_reg' using encoding 'one-hot' in module 'dma_axi_writer'
---------------------------------------------------------------------------------------------------
                   State |                     New Encoding |                Previous Encoding 
---------------------------------------------------------------------------------------------------
                  s_idle |                              001 |                               00
            s_update_reg |                              010 |                               01
            s_write_resp |                              100 |                               10
---------------------------------------------------------------------------------------------------
INFO: [Synth 8-3354] encoded FSM with state register 'state_reg_reg' using encoding 'one-hot' in module 'dma_status_manager'
---------------------------------------------------------------------------------------------------
                   State |                     New Encoding |                Previous Encoding 
---------------------------------------------------------------------------------------------------
              s_dma_idle |                               00 |                               00
           s_issue_valid |                               01 |                               01
       s_wait_frame_done |                               10 |                               10
          s_publish_tail |                               11 |                               11
---------------------------------------------------------------------------------------------------
INFO: [Synth 8-3354] encoded FSM with state register 'dma_state_reg_reg' using encoding 'sequential' in module 'dma_status_manager'
---------------------------------------------------------------------------------
Finished RTL Optimization Phase 2 : Time (s): cpu = 00:00:11 ; elapsed = 00:00:12 . Memory (MB): peak = 1415.977 ; gain = 685.660
---------------------------------------------------------------------------------
---------------------------------------------------------------------------------
Start RTL Component Statistics 
---------------------------------------------------------------------------------
Detailed RTL Component Info : 
+---Adders : 
	   2 Input   32 Bit       Adders := 3     
	   4 Input   10 Bit       Adders := 2     
	   4 Input    9 Bit       Adders := 3     
	   2 Input    5 Bit       Adders := 4     
	   2 Input    3 Bit       Adders := 2     
	   2 Input    2 Bit       Adders := 4     
+---XORs : 
	   2 Input     32 Bit         XORs := 18    
	   2 Input     10 Bit         XORs := 2     
	   2 Input      9 Bit         XORs := 2     
	   2 Input      1 Bit         XORs := 34    
+---Registers : 
	               32 Bit    Registers := 14    
	               10 Bit    Registers := 12    
	                9 Bit    Registers := 11    
	                8 Bit    Registers := 5     
	                5 Bit    Registers := 2     
	                4 Bit    Registers := 1     
	                3 Bit    Registers := 2     
	                2 Bit    Registers := 9     
	                1 Bit    Registers := 28    
+---RAMs : 
	               5K Bit	(512 X 10 bit)          RAMs := 1     
+---Muxes : 
	   2 Input   32 Bit        Muxes := 37    
	   5 Input   32 Bit        Muxes := 2     
	   4 Input   32 Bit        Muxes := 10    
	   3 Input   32 Bit        Muxes := 1     
	   5 Input   10 Bit        Muxes := 2     
	   2 Input   10 Bit        Muxes := 3     
	   3 Input    8 Bit        Muxes := 1     
	   6 Input    7 Bit        Muxes := 1     
	   6 Input    5 Bit        Muxes := 1     
	   2 Input    5 Bit        Muxes := 17    
	   3 Input    5 Bit        Muxes := 2     
	   5 Input    5 Bit        Muxes := 2     
	   3 Input    4 Bit        Muxes := 1     
	   2 Input    3 Bit        Muxes := 7     
	   5 Input    3 Bit        Muxes := 3     
	   5 Input    2 Bit        Muxes := 3     
	   2 Input    2 Bit        Muxes := 8     
	  11 Input    2 Bit        Muxes := 1     
	   4 Input    2 Bit        Muxes := 1     
	   3 Input    2 Bit        Muxes := 2     
	   2 Input    1 Bit        Muxes := 49    
	   6 Input    1 Bit        Muxes := 2     
	   5 Input    1 Bit        Muxes := 25    
	   3 Input    1 Bit        Muxes := 28    
	   4 Input    1 Bit        Muxes := 3     
---------------------------------------------------------------------------------
Finished RTL Component Statistics 
---------------------------------------------------------------------------------
---------------------------------------------------------------------------------
Start Part Resource Summary
---------------------------------------------------------------------------------
Part Resources:
DSPs: 90 (col length:60)
BRAMs: 100 (col length: RAMB18 60 RAMB36 30)
---------------------------------------------------------------------------------
Finished Part Resource Summary
---------------------------------------------------------------------------------
---------------------------------------------------------------------------------
Start Cross Boundary and Area Optimization
---------------------------------------------------------------------------------
INFO: [Synth 8-7129] Port S_AXI_AWADDR[31] in module eth_rx_dma is either unconnected or has no load
INFO: [Synth 8-7129] Port S_AXI_AWADDR[30] in module eth_rx_dma is either unconnected or has no load
INFO: [Synth 8-7129] Port S_AXI_AWADDR[29] in module eth_rx_dma is either unconnected or has no load
INFO: [Synth 8-7129] Port S_AXI_AWADDR[28] in module eth_rx_dma is either unconnected or has no load
INFO: [Synth 8-7129] Port S_AXI_AWADDR[27] in module eth_rx_dma is either unconnected or has no load
INFO: [Synth 8-7129] Port S_AXI_AWADDR[26] in module eth_rx_dma is either unconnected or has no load
INFO: [Synth 8-7129] Port S_AXI_AWADDR[25] in module eth_rx_dma is either unconnected or has no load
INFO: [Synth 8-7129] Port S_AXI_AWADDR[24] in module eth_rx_dma is either unconnected or has no load
INFO: [Synth 8-7129] Port S_AXI_AWADDR[23] in module eth_rx_dma is either unconnected or has no load
INFO: [Synth 8-7129] Port S_AXI_AWADDR[22] in module eth_rx_dma is either unconnected or has no load
INFO: [Synth 8-7129] Port S_AXI_AWADDR[21] in module eth_rx_dma is either unconnected or has no load
INFO: [Synth 8-7129] Port S_AXI_AWADDR[20] in module eth_rx_dma is either unconnected or has no load
INFO: [Synth 8-7129] Port S_AXI_AWADDR[19] in module eth_rx_dma is either unconnected or has no load
INFO: [Common 17-14] Message 'Synth 8-7129' appears 100 times and further instances of the messages will be disabled. Use the Tcl command set_msg_config to change the current settings.
INFO: [Synth 8-5775] Found 'rw_addr_collision' attribute set to 'no' on SDP RAM gen_wr_a.gen_word_narrow.mem_reg. Setting write mode to NO_CHANGE 
INFO: [Synth 8-5775] Found 'rw_addr_collision' attribute set to 'no' on SDP RAM gen_wr_a.gen_word_narrow.mem_reg. Setting write mode to NO_CHANGE 
INFO: [Synth 8-5775] Found 'rw_addr_collision' attribute set to 'no' on SDP RAM gen_wr_a.gen_word_narrow.mem_reg. Setting write mode to NO_CHANGE 
INFO: [Synth 8-5775] Found 'rw_addr_collision' attribute set to 'no' on SDP RAM gen_wr_a.gen_word_narrow.mem_reg. Setting write mode to NO_CHANGE 
INFO: [Synth 8-5775] Found 'rw_addr_collision' attribute set to 'no' on SDP RAM gen_wr_a.gen_word_narrow.mem_reg. Setting write mode to NO_CHANGE 
INFO: [Synth 8-5775] Found 'rw_addr_collision' attribute set to 'no' on SDP RAM gen_wr_a.gen_word_narrow.mem_reg. Setting write mode to NO_CHANGE 
INFO: [Synth 8-5775] Found 'rw_addr_collision' attribute set to 'no' on SDP RAM gen_wr_a.gen_word_narrow.mem_reg. Setting write mode to NO_CHANGE 
INFO: [Synth 8-5775] Found 'rw_addr_collision' attribute set to 'no' on SDP RAM gen_wr_a.gen_word_narrow.mem_reg. Setting write mode to NO_CHANGE 
INFO: [Synth 8-5775] Found 'rw_addr_collision' attribute set to 'no' on SDP RAM gen_wr_a.gen_word_narrow.mem_reg. Setting write mode to NO_CHANGE 
---------------------------------------------------------------------------------
Finished Cross Boundary and Area Optimization : Time (s): cpu = 00:00:17 ; elapsed = 00:00:18 . Memory (MB): peak = 1629.766 ; gain = 899.449
---------------------------------------------------------------------------------
INFO: [Synth 8-5775] Found 'rw_addr_collision' attribute set to 'no' on SDP RAM gen_wr_a.gen_word_narrow.mem_reg. Setting write mode to NO_CHANGE 
INFO: [Synth 8-5775] Found 'rw_addr_collision' attribute set to 'no' on SDP RAM gen_wr_a.gen_word_narrow.mem_reg. Setting write mode to NO_CHANGE 
INFO: [Synth 8-5775] Found 'rw_addr_collision' attribute set to 'no' on SDP RAM gen_wr_a.gen_word_narrow.mem_reg. Setting write mode to NO_CHANGE 
---------------------------------------------------------------------------------
Start ROM, RAM, DSP, Shift Register and Retiming Reporting
---------------------------------------------------------------------------------

Block RAM: Preliminary Mapping Report (see note below)
+-------------------------------------------------------------------------------------------------+----------------------------------+------------------------+---+---+------------------------+---+---+------------------+--------+--------+
|Module Name                                                                                      | RTL Object                       | PORT A (Depth x Width) | W | R | PORT B (Depth x Width) | W | R | Ports driving FF | RAMB18 | RAMB36 | 
+-------------------------------------------------------------------------------------------------+----------------------------------+------------------------+---+---+------------------------+---+---+------------------+--------+--------+
|\U0/rx_async_fifo_inst /\gnuram_async_fifo.xpm_fifo_base_inst /\gen_sdpram.xpm_memory_base_inst  | gen_wr_a.gen_word_narrow.mem_reg | 512 x 10(NO_CHANGE)    | W |   | 512 x 10(NO_CHANGE)    |   | R | Port A and B     | 1      | 0      | 
+-------------------------------------------------------------------------------------------------+----------------------------------+------------------------+---+---+------------------------+---+---+------------------+--------+--------+

Note: The table above is a preliminary report that shows the Block RAMs at the current stage of the synthesis flow. Some Block RAMs may be reimplemented as non Block RAM primitives later in the synthesis flow. Multiple instantiated Block RAMs are reported only once. 
---------------------------------------------------------------------------------
Finished ROM, RAM, DSP, Shift Register and Retiming Reporting
---------------------------------------------------------------------------------
---------------------------------------------------------------------------------
Start Applying XDC Timing Constraints
---------------------------------------------------------------------------------
---------------------------------------------------------------------------------
Finished Applying XDC Timing Constraints : Time (s): cpu = 00:00:20 ; elapsed = 00:00:21 . Memory (MB): peak = 1640.730 ; gain = 910.414
---------------------------------------------------------------------------------
---------------------------------------------------------------------------------
Start Timing Optimization
---------------------------------------------------------------------------------
INFO: [Synth 8-5775] Found 'rw_addr_collision' attribute set to 'no' on SDP RAM gen_wr_a.gen_word_narrow.mem_reg. Setting write mode to NO_CHANGE 
INFO: [Synth 8-5775] Found 'rw_addr_collision' attribute set to 'no' on SDP RAM gen_wr_a.gen_word_narrow.mem_reg. Setting write mode to NO_CHANGE 
INFO: [Synth 8-5775] Found 'rw_addr_collision' attribute set to 'no' on SDP RAM gen_wr_a.gen_word_narrow.mem_reg. Setting write mode to NO_CHANGE 
---------------------------------------------------------------------------------
Finished Timing Optimization : Time (s): cpu = 00:00:20 ; elapsed = 00:00:21 . Memory (MB): peak = 1641.254 ; gain = 910.938
---------------------------------------------------------------------------------
---------------------------------------------------------------------------------
Start ROM, RAM, DSP, Shift Register and Retiming Reporting
---------------------------------------------------------------------------------

Block RAM: Final Mapping Report
+-------------------------------------------------------------------------------------------------+----------------------------------+------------------------+---+---+------------------------+---+---+------------------+--------+--------+
|Module Name                                                                                      | RTL Object                       | PORT A (Depth x Width) | W | R | PORT B (Depth x Width) | W | R | Ports driving FF | RAMB18 | RAMB36 | 
+-------------------------------------------------------------------------------------------------+----------------------------------+------------------------+---+---+------------------------+---+---+------------------+--------+--------+
|\U0/rx_async_fifo_inst /\gnuram_async_fifo.xpm_fifo_base_inst /\gen_sdpram.xpm_memory_base_inst  | gen_wr_a.gen_word_narrow.mem_reg | 512 x 10(NO_CHANGE)    | W |   | 512 x 10(NO_CHANGE)    |   | R | Port A and B     | 1      | 0      | 
+-------------------------------------------------------------------------------------------------+----------------------------------+------------------------+---+---+------------------------+---+---+------------------+--------+--------+

---------------------------------------------------------------------------------
Finished ROM, RAM, DSP, Shift Register and Retiming Reporting
---------------------------------------------------------------------------------
---------------------------------------------------------------------------------
Start Technology Mapping
---------------------------------------------------------------------------------
INFO: [Synth 8-7052] The timing for the instance U0/rx_async_fifo_inst/gnuram_async_fifo.xpm_fifo_base_inst/gen_sdpram.xpm_memory_base_inst/gen_wr_a.gen_word_narrow.mem_reg (implemented as a Block RAM) might be sub-optimal as no optional output register could be merged into the ram block. Providing additional output register may help in improving timing.
---------------------------------------------------------------------------------
Finished Technology Mapping : Time (s): cpu = 00:00:20 ; elapsed = 00:00:22 . Memory (MB): peak = 1670.355 ; gain = 940.039
---------------------------------------------------------------------------------
---------------------------------------------------------------------------------
Start IO Insertion
---------------------------------------------------------------------------------
---------------------------------------------------------------------------------
Start Flattening Before IO Insertion
---------------------------------------------------------------------------------
---------------------------------------------------------------------------------
Finished Flattening Before IO Insertion
---------------------------------------------------------------------------------
---------------------------------------------------------------------------------
Start Final Netlist Cleanup
---------------------------------------------------------------------------------
---------------------------------------------------------------------------------
Finished Final Netlist Cleanup
---------------------------------------------------------------------------------
---------------------------------------------------------------------------------
Finished IO Insertion : Time (s): cpu = 00:00:22 ; elapsed = 00:00:24 . Memory (MB): peak = 1876.680 ; gain = 1146.363
---------------------------------------------------------------------------------
---------------------------------------------------------------------------------
Start Renaming Generated Instances
---------------------------------------------------------------------------------
---------------------------------------------------------------------------------
Finished Renaming Generated Instances : Time (s): cpu = 00:00:22 ; elapsed = 00:00:24 . Memory (MB): peak = 1876.680 ; gain = 1146.363
---------------------------------------------------------------------------------
---------------------------------------------------------------------------------
Start Rebuilding User Hierarchy
---------------------------------------------------------------------------------
---------------------------------------------------------------------------------
Finished Rebuilding User Hierarchy : Time (s): cpu = 00:00:22 ; elapsed = 00:00:24 . Memory (MB): peak = 1876.680 ; gain = 1146.363
---------------------------------------------------------------------------------
---------------------------------------------------------------------------------
Start Renaming Generated Ports
---------------------------------------------------------------------------------
---------------------------------------------------------------------------------
Finished Renaming Generated Ports : Time (s): cpu = 00:00:22 ; elapsed = 00:00:24 . Memory (MB): peak = 1876.680 ; gain = 1146.363
---------------------------------------------------------------------------------
---------------------------------------------------------------------------------
Start Handling Custom Attributes
---------------------------------------------------------------------------------
---------------------------------------------------------------------------------
Finished Handling Custom Attributes : Time (s): cpu = 00:00:22 ; elapsed = 00:00:24 . Memory (MB): peak = 1877.695 ; gain = 1147.379
---------------------------------------------------------------------------------
---------------------------------------------------------------------------------
Start Renaming Generated Nets
---------------------------------------------------------------------------------
---------------------------------------------------------------------------------
Finished Renaming Generated Nets : Time (s): cpu = 00:00:22 ; elapsed = 00:00:24 . Memory (MB): peak = 1877.695 ; gain = 1147.379
---------------------------------------------------------------------------------
---------------------------------------------------------------------------------
Start Writing Synthesis Report
---------------------------------------------------------------------------------

Report BlackBoxes: 
+-+--------------+----------+
| |BlackBox name |Instances |
+-+--------------+----------+
+-+--------------+----------+

Report Cell Usage: 
+------+---------+------+
|      |Cell     |Count |
+------+---------+------+
|1     |CARRY4   |    30|
|2     |LUT1     |     8|
|3     |LUT2     |   110|
|4     |LUT3     |    41|
|5     |LUT4     |    64|
|6     |LUT5     |    80|
|7     |LUT6     |   290|
|8     |RAMB18E1 |     1|
|9     |FDRE     |   688|
|10    |FDSE     |    41|
+------+---------+------+
---------------------------------------------------------------------------------
Finished Writing Synthesis Report : Time (s): cpu = 00:00:22 ; elapsed = 00:00:24 . Memory (MB): peak = 1877.695 ; gain = 1147.379
---------------------------------------------------------------------------------
Synthesis finished with 0 errors, 0 critical warnings and 0 warnings.
Synthesis Optimization Runtime : Time (s): cpu = 00:00:16 ; elapsed = 00:00:22 . Memory (MB): peak = 1877.695 ; gain = 1147.379
Synthesis Optimization Complete : Time (s): cpu = 00:00:22 ; elapsed = 00:00:24 . Memory (MB): peak = 1877.695 ; gain = 1147.379
INFO: [Project 1-571] Translating synthesized netlist
Netlist sorting complete. Time (s): cpu = 00:00:00 ; elapsed = 00:00:00.013 . Memory (MB): peak = 1886.840 ; gain = 0.000
INFO: [Netlist 29-17] Analyzing 31 Unisim elements for replacement
INFO: [Netlist 29-28] Unisim Transformation completed in 0 CPU seconds
INFO: [Project 1-570] Preparing netlist for logic optimization
INFO: [Opt 31-138] Pushed 0 inverter(s) to 0 load pin(s).
Netlist sorting complete. Time (s): cpu = 00:00:00 ; elapsed = 00:00:00.001 . Memory (MB): peak = 1890.527 ; gain = 0.000
INFO: [Project 1-111] Unisim Transformation Summary:
No Unisim elements were transformed.

Synth Design complete | Checksum: fb7a00a6
INFO: [Common 17-83] Releasing license: Synthesis
197 Infos, 3 Warnings, 0 Critical Warnings and 0 Errors encountered.
synth_design completed successfully
synth_design: Time (s): cpu = 00:00:25 ; elapsed = 00:00:37 . Memory (MB): peak = 1890.527 ; gain = 1342.637
INFO: [Coretcl 2-1174] Renamed 24 cell refs.
Write ShapeDB Complete: Time (s): cpu = 00:00:00 ; elapsed = 00:00:00.002 . Memory (MB): peak = 1890.527 ; gain = 0.000
INFO: [Common 17-1381] The checkpoint 'C:/Users/ameen.shaikh/Desktop/projects/rmii_ethernet/rmii_ethernet.runs/design_1_eth_rx_0_2_synth_1/design_1_eth_rx_0_2.dcp' has been generated.
INFO: [Vivado 12-24828] Executing command : report_utilization -file design_1_eth_rx_0_2_utilization_synth.rpt -pb design_1_eth_rx_0_2_utilization_synth.pb
INFO: [Common 17-206] Exiting Vivado at Sun Jun 14 20:21:48 2026...
