
*** Running vivado
    with args -log design_1_wrapper.vds -m64 -product Vivado -mode batch -messageDb vivado.pb -notrace -source design_1_wrapper.tcl



****** Vivado v2025.2 (64-bit)
  **** SW Build 6299465 on Fri Nov 14 19:35:11 GMT 2025
  **** IP Build 6300035 on Fri Nov 14 10:48:45 MST 2025
  **** SharedData Build 6298862 on Thu Nov 13 04:50:51 MST 2025
  **** Start of session at: Tue Jun 16 19:05:17 2026
    ** Copyright 1986-2022 Xilinx, Inc. All Rights Reserved.
    ** Copyright 2022-2025 Advanced Micro Devices, Inc. All Rights Reserved.

source design_1_wrapper.tcl -notrace
INFO: [IP_Flow 19-234] Refreshing IP repositories
INFO: [IP_Flow 19-1704] No user IP repositories specified
INFO: [IP_Flow 19-2313] Loaded Vivado IP repository 'C:/AMDDesignTools/2025.2/Vivado/data/ip'.
INFO: [Project 1-5698] Found the below utility IPs instantiated in block design C:/Users/ameen.shaikh/Desktop/projects/rmii_ethernet/rmii_ethernet.srcs/sources_1/bd/design_1/design_1.bd which have equivalent inline hdl with improved performance and reduced diskspace.
It is recommended to migrate these utility IPs to inline hdl  using the command upgrade_project -migrate_to_inline_hdl.  The utility IPs may be deprecated in future releases.
More information on inline hdl is available in UG994.
Utility IP Component Instances:
 design_1_xlconstant_0_0
Command: read_checkpoint -auto_incremental -incremental C:/Users/ameen.shaikh/Desktop/projects/rmii_ethernet/rmii_ethernet.srcs/utils_1/imports/synth_1/eth_rx.dcp
INFO: [Vivado 12-5825] Read reference checkpoint from C:/Users/ameen.shaikh/Desktop/projects/rmii_ethernet/rmii_ethernet.srcs/utils_1/imports/synth_1/eth_rx.dcp for incremental synthesis
INFO: [Vivado 12-7989] Please ensure there are no constraint changes
Command: synth_design -top design_1_wrapper -part xc7a35tcpg236-1
Starting synth_design
Attempting to get a license for feature 'Synthesis' and/or device 'xc7a35t'
INFO: [Common 17-349] Got license for feature 'Synthesis' and/or device 'xc7a35t'
INFO: [Device 21-403] Loading part xc7a35tcpg236-1
INFO: [Designutils 20-5440] No compile time benefit to using incremental synthesis; A full resynthesis will be run
INFO: [Designutils 20-4379] Flow is switching to default flow due to incremental criteria not met. If you would like to alter this behaviour and have the flow terminate instead, please set the following parameter config_implementation {autoIncr.Synth.RejectBehavior Terminate}
INFO: [Synth 8-7079] Multithreading enabled for synth_design using a maximum of 2 processes.
INFO: [Synth 8-7078] Launching helper process for spawning children vivado processes
INFO: [Synth 8-7075] Helper process launched with PID 24376
---------------------------------------------------------------------------------
Starting RTL Elaboration : Time (s): cpu = 00:00:03 ; elapsed = 00:00:04 . Memory (MB): peak = 1322.305 ; gain = 542.242
---------------------------------------------------------------------------------
INFO: [Synth 8-638] synthesizing module 'design_1_wrapper' [C:/Users/ameen.shaikh/Desktop/projects/rmii_ethernet/rmii_ethernet.gen/sources_1/bd/design_1/hdl/design_1_wrapper.vhd:30]
INFO: [Synth 8-3491] module 'design_1' declared at 'c:/Users/ameen.shaikh/Desktop/projects/rmii_ethernet/rmii_ethernet.gen/sources_1/bd/design_1/synth/design_1.vhd:531' bound to instance 'design_1_i' of component 'design_1' [C:/Users/ameen.shaikh/Desktop/projects/rmii_ethernet/rmii_ethernet.gen/sources_1/bd/design_1/hdl/design_1_wrapper.vhd:46]
INFO: [Synth 8-638] synthesizing module 'design_1' [c:/Users/ameen.shaikh/Desktop/projects/rmii_ethernet/rmii_ethernet.gen/sources_1/bd/design_1/synth/design_1.vhd:550]
INFO: [Synth 8-3491] module 'design_1_axi_bram_ctrl_0_0' declared at 'C:/Users/ameen.shaikh/Desktop/projects/rmii_ethernet/rmii_ethernet.runs/synth_1/.Xil/Vivado-31604-GREENGOBLIN/realtime/design_1_axi_bram_ctrl_0_0_stub.vhdl:6' bound to instance 'axi_bram_ctrl_0' of component 'design_1_axi_bram_ctrl_0_0' [c:/Users/ameen.shaikh/Desktop/projects/rmii_ethernet/rmii_ethernet.gen/sources_1/bd/design_1/synth/design_1.vhd:1062]
INFO: [Synth 8-638] synthesizing module 'design_1_axi_bram_ctrl_0_0' [C:/Users/ameen.shaikh/Desktop/projects/rmii_ethernet/rmii_ethernet.runs/synth_1/.Xil/Vivado-31604-GREENGOBLIN/realtime/design_1_axi_bram_ctrl_0_0_stub.vhdl:58]
INFO: [Synth 8-3491] module 'design_1_axi_bram_ctrl_0_bram_0' declared at 'C:/Users/ameen.shaikh/Desktop/projects/rmii_ethernet/rmii_ethernet.runs/synth_1/.Xil/Vivado-31604-GREENGOBLIN/realtime/design_1_axi_bram_ctrl_0_bram_0_stub.vhdl:6' bound to instance 'axi_bram_ctrl_0_bram' of component 'design_1_axi_bram_ctrl_0_bram_0' [c:/Users/ameen.shaikh/Desktop/projects/rmii_ethernet/rmii_ethernet.gen/sources_1/bd/design_1/synth/design_1.vhd:1105]
INFO: [Synth 8-638] synthesizing module 'design_1_axi_bram_ctrl_0_bram_0' [C:/Users/ameen.shaikh/Desktop/projects/rmii_ethernet/rmii_ethernet.runs/synth_1/.Xil/Vivado-31604-GREENGOBLIN/realtime/design_1_axi_bram_ctrl_0_bram_0_stub.vhdl:26]
INFO: [Synth 8-3491] module 'design_1_axi_uartlite_0_0' declared at 'C:/Users/ameen.shaikh/Desktop/projects/rmii_ethernet/rmii_ethernet.runs/synth_1/.Xil/Vivado-31604-GREENGOBLIN/realtime/design_1_axi_uartlite_0_0_stub.vhdl:6' bound to instance 'axi_uartlite_0' of component 'design_1_axi_uartlite_0_0' [c:/Users/ameen.shaikh/Desktop/projects/rmii_ethernet/rmii_ethernet.gen/sources_1/bd/design_1/synth/design_1.vhd:1117]
INFO: [Synth 8-638] synthesizing module 'design_1_axi_uartlite_0_0' [C:/Users/ameen.shaikh/Desktop/projects/rmii_ethernet/rmii_ethernet.runs/synth_1/.Xil/Vivado-31604-GREENGOBLIN/realtime/design_1_axi_uartlite_0_0_stub.vhdl:40]
INFO: [Synth 8-3491] module 'design_1_clk_wiz_1_0' declared at 'C:/Users/ameen.shaikh/Desktop/projects/rmii_ethernet/rmii_ethernet.runs/synth_1/.Xil/Vivado-31604-GREENGOBLIN/realtime/design_1_clk_wiz_1_0_stub.vhdl:6' bound to instance 'clk_wiz_1' of component 'design_1_clk_wiz_1_0' [c:/Users/ameen.shaikh/Desktop/projects/rmii_ethernet/rmii_ethernet.gen/sources_1/bd/design_1/synth/design_1.vhd:1142]
INFO: [Synth 8-638] synthesizing module 'design_1_clk_wiz_1_0' [C:/Users/ameen.shaikh/Desktop/projects/rmii_ethernet/rmii_ethernet.runs/synth_1/.Xil/Vivado-31604-GREENGOBLIN/realtime/design_1_clk_wiz_1_0_stub.vhdl:18]
INFO: [Synth 8-3491] module 'design_1_eth_rx_0_2' declared at 'C:/Users/ameen.shaikh/Desktop/projects/rmii_ethernet/rmii_ethernet.runs/synth_1/.Xil/Vivado-31604-GREENGOBLIN/realtime/design_1_eth_rx_0_2_stub.vhdl:6' bound to instance 'eth_rx_0' of component 'design_1_eth_rx_0_2' [c:/Users/ameen.shaikh/Desktop/projects/rmii_ethernet/rmii_ethernet.gen/sources_1/bd/design_1/synth/design_1.vhd:1149]
INFO: [Synth 8-638] synthesizing module 'design_1_eth_rx_0_2' [C:/Users/ameen.shaikh/Desktop/projects/rmii_ethernet/rmii_ethernet.runs/synth_1/.Xil/Vivado-31604-GREENGOBLIN/realtime/design_1_eth_rx_0_2_stub.vhdl:60]
INFO: [Synth 8-3491] module 'design_1_mdm_1_0' declared at 'C:/Users/ameen.shaikh/Desktop/projects/rmii_ethernet/rmii_ethernet.runs/synth_1/.Xil/Vivado-31604-GREENGOBLIN/realtime/design_1_mdm_1_0_stub.vhdl:6' bound to instance 'mdm_1' of component 'design_1_mdm_1_0' [c:/Users/ameen.shaikh/Desktop/projects/rmii_ethernet/rmii_ethernet.gen/sources_1/bd/design_1/synth/design_1.vhd:1192]
INFO: [Synth 8-638] synthesizing module 'design_1_mdm_1_0' [C:/Users/ameen.shaikh/Desktop/projects/rmii_ethernet/rmii_ethernet.runs/synth_1/.Xil/Vivado-31604-GREENGOBLIN/realtime/design_1_mdm_1_0_stub.vhdl:28]
INFO: [Synth 8-3491] module 'design_1_microblaze_0_0' declared at 'C:/Users/ameen.shaikh/Desktop/projects/rmii_ethernet/rmii_ethernet.runs/synth_1/.Xil/Vivado-31604-GREENGOBLIN/realtime/design_1_microblaze_0_0_stub.vhdl:6' bound to instance 'microblaze_0' of component 'design_1_microblaze_0_0' [c:/Users/ameen.shaikh/Desktop/projects/rmii_ethernet/rmii_ethernet.gen/sources_1/bd/design_1/synth/design_1.vhd:1205]
INFO: [Synth 8-638] synthesizing module 'design_1_microblaze_0_0' [C:/Users/ameen.shaikh/Desktop/projects/rmii_ethernet/rmii_ethernet.runs/synth_1/.Xil/Vivado-31604-GREENGOBLIN/realtime/design_1_microblaze_0_0_stub.vhdl:70]
INFO: [Synth 8-638] synthesizing module 'microblaze_0_local_memory_imp_1K0VQXK' [c:/Users/ameen.shaikh/Desktop/projects/rmii_ethernet/rmii_ethernet.gen/sources_1/bd/design_1/synth/design_1.vhd:41]
INFO: [Synth 8-3491] module 'design_1_dlmb_bram_if_cntlr_0' declared at 'C:/Users/ameen.shaikh/Desktop/projects/rmii_ethernet/rmii_ethernet.runs/synth_1/.Xil/Vivado-31604-GREENGOBLIN/realtime/design_1_dlmb_bram_if_cntlr_0_stub.vhdl:6' bound to instance 'dlmb_bram_if_cntlr' of component 'design_1_dlmb_bram_if_cntlr_0' [c:/Users/ameen.shaikh/Desktop/projects/rmii_ethernet/rmii_ethernet.gen/sources_1/bd/design_1/synth/design_1.vhd:213]
INFO: [Synth 8-638] synthesizing module 'design_1_dlmb_bram_if_cntlr_0' [C:/Users/ameen.shaikh/Desktop/projects/rmii_ethernet/rmii_ethernet.runs/synth_1/.Xil/Vivado-31604-GREENGOBLIN/realtime/design_1_dlmb_bram_if_cntlr_0_stub.vhdl:38]
INFO: [Synth 8-3491] module 'design_1_dlmb_v10_0' declared at 'C:/Users/ameen.shaikh/Desktop/projects/rmii_ethernet/rmii_ethernet.runs/synth_1/.Xil/Vivado-31604-GREENGOBLIN/realtime/design_1_dlmb_v10_0_stub.vhdl:6' bound to instance 'dlmb_v10' of component 'design_1_dlmb_v10_0' [c:/Users/ameen.shaikh/Desktop/projects/rmii_ethernet/rmii_ethernet.gen/sources_1/bd/design_1/synth/design_1.vhd:267]
INFO: [Synth 8-638] synthesizing module 'design_1_dlmb_v10_0' [C:/Users/ameen.shaikh/Desktop/projects/rmii_ethernet/rmii_ethernet.runs/synth_1/.Xil/Vivado-31604-GREENGOBLIN/realtime/design_1_dlmb_v10_0_stub.vhdl:43]
INFO: [Synth 8-3491] module 'design_1_ilmb_bram_if_cntlr_0' declared at 'C:/Users/ameen.shaikh/Desktop/projects/rmii_ethernet/rmii_ethernet.runs/synth_1/.Xil/Vivado-31604-GREENGOBLIN/realtime/design_1_ilmb_bram_if_cntlr_0_stub.vhdl:6' bound to instance 'ilmb_bram_if_cntlr' of component 'design_1_ilmb_bram_if_cntlr_0' [c:/Users/ameen.shaikh/Desktop/projects/rmii_ethernet/rmii_ethernet.gen/sources_1/bd/design_1/synth/design_1.vhd:295]
INFO: [Synth 8-638] synthesizing module 'design_1_ilmb_bram_if_cntlr_0' [C:/Users/ameen.shaikh/Desktop/projects/rmii_ethernet/rmii_ethernet.runs/synth_1/.Xil/Vivado-31604-GREENGOBLIN/realtime/design_1_ilmb_bram_if_cntlr_0_stub.vhdl:38]
INFO: [Synth 8-3491] module 'design_1_ilmb_v10_0' declared at 'C:/Users/ameen.shaikh/Desktop/projects/rmii_ethernet/rmii_ethernet.runs/synth_1/.Xil/Vivado-31604-GREENGOBLIN/realtime/design_1_ilmb_v10_0_stub.vhdl:6' bound to instance 'ilmb_v10' of component 'design_1_ilmb_v10_0' [c:/Users/ameen.shaikh/Desktop/projects/rmii_ethernet/rmii_ethernet.gen/sources_1/bd/design_1/synth/design_1.vhd:349]
INFO: [Synth 8-638] synthesizing module 'design_1_ilmb_v10_0' [C:/Users/ameen.shaikh/Desktop/projects/rmii_ethernet/rmii_ethernet.runs/synth_1/.Xil/Vivado-31604-GREENGOBLIN/realtime/design_1_ilmb_v10_0_stub.vhdl:43]
INFO: [Synth 8-3491] module 'design_1_lmb_bram_0' declared at 'C:/Users/ameen.shaikh/Desktop/projects/rmii_ethernet/rmii_ethernet.runs/synth_1/.Xil/Vivado-31604-GREENGOBLIN/realtime/design_1_lmb_bram_0_stub.vhdl:6' bound to instance 'lmb_bram' of component 'design_1_lmb_bram_0' [c:/Users/ameen.shaikh/Desktop/projects/rmii_ethernet/rmii_ethernet.gen/sources_1/bd/design_1/synth/design_1.vhd:377]
INFO: [Synth 8-638] synthesizing module 'design_1_lmb_bram_0' [C:/Users/ameen.shaikh/Desktop/projects/rmii_ethernet/rmii_ethernet.runs/synth_1/.Xil/Vivado-31604-GREENGOBLIN/realtime/design_1_lmb_bram_0_stub.vhdl:34]
INFO: [Synth 8-256] done synthesizing module 'microblaze_0_local_memory_imp_1K0VQXK' (0#1) [c:/Users/ameen.shaikh/Desktop/projects/rmii_ethernet/rmii_ethernet.gen/sources_1/bd/design_1/synth/design_1.vhd:41]
INFO: [Synth 8-3491] module 'design_1_rst_clk_wiz_1_100M_0' declared at 'C:/Users/ameen.shaikh/Desktop/projects/rmii_ethernet/rmii_ethernet.runs/synth_1/.Xil/Vivado-31604-GREENGOBLIN/realtime/design_1_rst_clk_wiz_1_100M_0_stub.vhdl:6' bound to instance 'rst_clk_wiz_1_100M' of component 'design_1_rst_clk_wiz_1_100M_0' [c:/Users/ameen.shaikh/Desktop/projects/rmii_ethernet/rmii_ethernet.gen/sources_1/bd/design_1/synth/design_1.vhd:1284]
INFO: [Synth 8-638] synthesizing module 'design_1_rst_clk_wiz_1_100M_0' [C:/Users/ameen.shaikh/Desktop/projects/rmii_ethernet/rmii_ethernet.runs/synth_1/.Xil/Vivado-31604-GREENGOBLIN/realtime/design_1_rst_clk_wiz_1_100M_0_stub.vhdl:28]
INFO: [Synth 8-3491] module 'design_1_smartconnect_0_0' declared at 'C:/Users/ameen.shaikh/Desktop/projects/rmii_ethernet/rmii_ethernet.runs/synth_1/.Xil/Vivado-31604-GREENGOBLIN/realtime/design_1_smartconnect_0_0_stub.vhdl:6' bound to instance 'smartconnect_0' of component 'design_1_smartconnect_0_0' [c:/Users/ameen.shaikh/Desktop/projects/rmii_ethernet/rmii_ethernet.gen/sources_1/bd/design_1/synth/design_1.vhd:1297]
INFO: [Synth 8-638] synthesizing module 'design_1_smartconnect_0_0' [C:/Users/ameen.shaikh/Desktop/projects/rmii_ethernet/rmii_ethernet.runs/synth_1/.Xil/Vivado-31604-GREENGOBLIN/realtime/design_1_smartconnect_0_0_stub.vhdl:128]
INFO: [Synth 8-3491] module 'design_1_xlconstant_0_0' declared at 'c:/Users/ameen.shaikh/Desktop/projects/rmii_ethernet/rmii_ethernet.gen/sources_1/bd/design_1/ip/design_1_xlconstant_0_0/synth/design_1_xlconstant_0_0.v:53' bound to instance 'xlconstant_0' of component 'design_1_xlconstant_0_0' [c:/Users/ameen.shaikh/Desktop/projects/rmii_ethernet/rmii_ethernet.gen/sources_1/bd/design_1/synth/design_1.vhd:1410]
INFO: [Synth 8-6157] synthesizing module 'design_1_xlconstant_0_0' [c:/Users/ameen.shaikh/Desktop/projects/rmii_ethernet/rmii_ethernet.gen/sources_1/bd/design_1/ip/design_1_xlconstant_0_0/synth/design_1_xlconstant_0_0.v:53]
INFO: [Synth 8-6157] synthesizing module 'xlconstant_v1_1_10_xlconstant' [c:/Users/ameen.shaikh/Desktop/projects/rmii_ethernet/rmii_ethernet.gen/sources_1/bd/design_1/ipshared/a165/hdl/xlconstant_v1_1_vl_rfs.v:68]
INFO: [Synth 8-6155] done synthesizing module 'xlconstant_v1_1_10_xlconstant' (0#1) [c:/Users/ameen.shaikh/Desktop/projects/rmii_ethernet/rmii_ethernet.gen/sources_1/bd/design_1/ipshared/a165/hdl/xlconstant_v1_1_vl_rfs.v:68]
INFO: [Synth 8-6155] done synthesizing module 'design_1_xlconstant_0_0' (0#1) [c:/Users/ameen.shaikh/Desktop/projects/rmii_ethernet/rmii_ethernet.gen/sources_1/bd/design_1/ip/design_1_xlconstant_0_0/synth/design_1_xlconstant_0_0.v:53]
INFO: [Synth 8-256] done synthesizing module 'design_1' (0#1) [c:/Users/ameen.shaikh/Desktop/projects/rmii_ethernet/rmii_ethernet.gen/sources_1/bd/design_1/synth/design_1.vhd:550]
INFO: [Synth 8-256] done synthesizing module 'design_1_wrapper' (0#1) [C:/Users/ameen.shaikh/Desktop/projects/rmii_ethernet/rmii_ethernet.gen/sources_1/bd/design_1/hdl/design_1_wrapper.vhd:30]
WARNING: [Synth 8-3848] Net uart_tx in module/entity design_1 does not have driver. [c:/Users/ameen.shaikh/Desktop/projects/rmii_ethernet/rmii_ethernet.gen/sources_1/bd/design_1/synth/design_1.vhd:540]
WARNING: [Synth 8-7129] Port uart_tx in module design_1 is either unconnected or has no load
---------------------------------------------------------------------------------
Finished RTL Elaboration : Time (s): cpu = 00:00:05 ; elapsed = 00:00:05 . Memory (MB): peak = 1451.602 ; gain = 671.539
---------------------------------------------------------------------------------
---------------------------------------------------------------------------------
Start Handling Custom Attributes
---------------------------------------------------------------------------------
---------------------------------------------------------------------------------
Finished Handling Custom Attributes : Time (s): cpu = 00:00:05 ; elapsed = 00:00:05 . Memory (MB): peak = 1451.602 ; gain = 671.539
---------------------------------------------------------------------------------
---------------------------------------------------------------------------------
Finished RTL Optimization Phase 1 : Time (s): cpu = 00:00:05 ; elapsed = 00:00:05 . Memory (MB): peak = 1451.602 ; gain = 671.539
---------------------------------------------------------------------------------
Netlist sorting complete. Time (s): cpu = 00:00:00 ; elapsed = 00:00:00.010 . Memory (MB): peak = 1451.602 ; gain = 0.000
INFO: [Project 1-570] Preparing netlist for logic optimization

Processing XDC Constraints
Initializing timing engine
Parsing XDC File [c:/Users/ameen.shaikh/Desktop/projects/rmii_ethernet/rmii_ethernet.gen/sources_1/bd/design_1/ip/design_1_microblaze_0_0/design_1_microblaze_0_0/design_1_microblaze_0_0_in_context.xdc] for cell 'design_1_i/microblaze_0'
Finished Parsing XDC File [c:/Users/ameen.shaikh/Desktop/projects/rmii_ethernet/rmii_ethernet.gen/sources_1/bd/design_1/ip/design_1_microblaze_0_0/design_1_microblaze_0_0/design_1_microblaze_0_0_in_context.xdc] for cell 'design_1_i/microblaze_0'
Parsing XDC File [c:/Users/ameen.shaikh/Desktop/projects/rmii_ethernet/rmii_ethernet.gen/sources_1/bd/design_1/ip/design_1_dlmb_v10_0/design_1_dlmb_v10_0/design_1_ilmb_v10_0_in_context.xdc] for cell 'design_1_i/microblaze_0_local_memory/dlmb_v10'
Finished Parsing XDC File [c:/Users/ameen.shaikh/Desktop/projects/rmii_ethernet/rmii_ethernet.gen/sources_1/bd/design_1/ip/design_1_dlmb_v10_0/design_1_dlmb_v10_0/design_1_ilmb_v10_0_in_context.xdc] for cell 'design_1_i/microblaze_0_local_memory/dlmb_v10'
Parsing XDC File [c:/Users/ameen.shaikh/Desktop/projects/rmii_ethernet/rmii_ethernet.gen/sources_1/bd/design_1/ip/design_1_ilmb_v10_0/design_1_ilmb_v10_0/design_1_ilmb_v10_0_in_context.xdc] for cell 'design_1_i/microblaze_0_local_memory/ilmb_v10'
Finished Parsing XDC File [c:/Users/ameen.shaikh/Desktop/projects/rmii_ethernet/rmii_ethernet.gen/sources_1/bd/design_1/ip/design_1_ilmb_v10_0/design_1_ilmb_v10_0/design_1_ilmb_v10_0_in_context.xdc] for cell 'design_1_i/microblaze_0_local_memory/ilmb_v10'
Parsing XDC File [c:/Users/ameen.shaikh/Desktop/projects/rmii_ethernet/rmii_ethernet.gen/sources_1/bd/design_1/ip/design_1_dlmb_bram_if_cntlr_0/design_1_dlmb_bram_if_cntlr_0/design_1_dlmb_bram_if_cntlr_0_in_context.xdc] for cell 'design_1_i/microblaze_0_local_memory/dlmb_bram_if_cntlr'
Finished Parsing XDC File [c:/Users/ameen.shaikh/Desktop/projects/rmii_ethernet/rmii_ethernet.gen/sources_1/bd/design_1/ip/design_1_dlmb_bram_if_cntlr_0/design_1_dlmb_bram_if_cntlr_0/design_1_dlmb_bram_if_cntlr_0_in_context.xdc] for cell 'design_1_i/microblaze_0_local_memory/dlmb_bram_if_cntlr'
Parsing XDC File [c:/Users/ameen.shaikh/Desktop/projects/rmii_ethernet/rmii_ethernet.gen/sources_1/bd/design_1/ip/design_1_ilmb_bram_if_cntlr_0/design_1_ilmb_bram_if_cntlr_0/design_1_ilmb_bram_if_cntlr_0_in_context.xdc] for cell 'design_1_i/microblaze_0_local_memory/ilmb_bram_if_cntlr'
Finished Parsing XDC File [c:/Users/ameen.shaikh/Desktop/projects/rmii_ethernet/rmii_ethernet.gen/sources_1/bd/design_1/ip/design_1_ilmb_bram_if_cntlr_0/design_1_ilmb_bram_if_cntlr_0/design_1_ilmb_bram_if_cntlr_0_in_context.xdc] for cell 'design_1_i/microblaze_0_local_memory/ilmb_bram_if_cntlr'
Parsing XDC File [c:/Users/ameen.shaikh/Desktop/projects/rmii_ethernet/rmii_ethernet.gen/sources_1/bd/design_1/ip/design_1_lmb_bram_0/design_1_lmb_bram_0/design_1_lmb_bram_0_in_context.xdc] for cell 'design_1_i/microblaze_0_local_memory/lmb_bram'
Finished Parsing XDC File [c:/Users/ameen.shaikh/Desktop/projects/rmii_ethernet/rmii_ethernet.gen/sources_1/bd/design_1/ip/design_1_lmb_bram_0/design_1_lmb_bram_0/design_1_lmb_bram_0_in_context.xdc] for cell 'design_1_i/microblaze_0_local_memory/lmb_bram'
Parsing XDC File [c:/Users/ameen.shaikh/Desktop/projects/rmii_ethernet/rmii_ethernet.gen/sources_1/bd/design_1/ip/design_1_mdm_1_0/design_1_mdm_1_0/design_1_mdm_1_0_in_context.xdc] for cell 'design_1_i/mdm_1'
Finished Parsing XDC File [c:/Users/ameen.shaikh/Desktop/projects/rmii_ethernet/rmii_ethernet.gen/sources_1/bd/design_1/ip/design_1_mdm_1_0/design_1_mdm_1_0/design_1_mdm_1_0_in_context.xdc] for cell 'design_1_i/mdm_1'
Parsing XDC File [c:/Users/ameen.shaikh/Desktop/projects/rmii_ethernet/rmii_ethernet.gen/sources_1/bd/design_1/ip/design_1_clk_wiz_1_0/design_1_clk_wiz_1_0/design_1_clk_wiz_1_0_in_context.xdc] for cell 'design_1_i/clk_wiz_1'
Finished Parsing XDC File [c:/Users/ameen.shaikh/Desktop/projects/rmii_ethernet/rmii_ethernet.gen/sources_1/bd/design_1/ip/design_1_clk_wiz_1_0/design_1_clk_wiz_1_0/design_1_clk_wiz_1_0_in_context.xdc] for cell 'design_1_i/clk_wiz_1'
Parsing XDC File [c:/Users/ameen.shaikh/Desktop/projects/rmii_ethernet/rmii_ethernet.gen/sources_1/bd/design_1/ip/design_1_rst_clk_wiz_1_100M_0/design_1_rst_clk_wiz_1_100M_0/design_1_rst_clk_wiz_1_100M_0_in_context.xdc] for cell 'design_1_i/rst_clk_wiz_1_100M'
Finished Parsing XDC File [c:/Users/ameen.shaikh/Desktop/projects/rmii_ethernet/rmii_ethernet.gen/sources_1/bd/design_1/ip/design_1_rst_clk_wiz_1_100M_0/design_1_rst_clk_wiz_1_100M_0/design_1_rst_clk_wiz_1_100M_0_in_context.xdc] for cell 'design_1_i/rst_clk_wiz_1_100M'
Parsing XDC File [c:/Users/ameen.shaikh/Desktop/projects/rmii_ethernet/rmii_ethernet.gen/sources_1/bd/design_1/ip/design_1_smartconnect_0_0/design_1_smartconnect_0_0/design_1_smartconnect_0_0_in_context.xdc] for cell 'design_1_i/smartconnect_0'
Finished Parsing XDC File [c:/Users/ameen.shaikh/Desktop/projects/rmii_ethernet/rmii_ethernet.gen/sources_1/bd/design_1/ip/design_1_smartconnect_0_0/design_1_smartconnect_0_0/design_1_smartconnect_0_0_in_context.xdc] for cell 'design_1_i/smartconnect_0'
Parsing XDC File [c:/Users/ameen.shaikh/Desktop/projects/rmii_ethernet/rmii_ethernet.gen/sources_1/bd/design_1/ip/design_1_axi_bram_ctrl_0_0/design_1_axi_bram_ctrl_0_0/design_1_axi_bram_ctrl_0_0_in_context.xdc] for cell 'design_1_i/axi_bram_ctrl_0'
Finished Parsing XDC File [c:/Users/ameen.shaikh/Desktop/projects/rmii_ethernet/rmii_ethernet.gen/sources_1/bd/design_1/ip/design_1_axi_bram_ctrl_0_0/design_1_axi_bram_ctrl_0_0/design_1_axi_bram_ctrl_0_0_in_context.xdc] for cell 'design_1_i/axi_bram_ctrl_0'
Parsing XDC File [c:/Users/ameen.shaikh/Desktop/projects/rmii_ethernet/rmii_ethernet.gen/sources_1/bd/design_1/ip/design_1_axi_bram_ctrl_0_bram_0/design_1_axi_bram_ctrl_0_bram_0/design_1_axi_bram_ctrl_0_bram_0_in_context.xdc] for cell 'design_1_i/axi_bram_ctrl_0_bram'
Finished Parsing XDC File [c:/Users/ameen.shaikh/Desktop/projects/rmii_ethernet/rmii_ethernet.gen/sources_1/bd/design_1/ip/design_1_axi_bram_ctrl_0_bram_0/design_1_axi_bram_ctrl_0_bram_0/design_1_axi_bram_ctrl_0_bram_0_in_context.xdc] for cell 'design_1_i/axi_bram_ctrl_0_bram'
Parsing XDC File [c:/Users/ameen.shaikh/Desktop/projects/rmii_ethernet/rmii_ethernet.gen/sources_1/bd/design_1/ip/design_1_axi_uartlite_0_0/design_1_axi_uartlite_0_0/design_1_axi_uartlite_0_0_in_context.xdc] for cell 'design_1_i/axi_uartlite_0'
Finished Parsing XDC File [c:/Users/ameen.shaikh/Desktop/projects/rmii_ethernet/rmii_ethernet.gen/sources_1/bd/design_1/ip/design_1_axi_uartlite_0_0/design_1_axi_uartlite_0_0/design_1_axi_uartlite_0_0_in_context.xdc] for cell 'design_1_i/axi_uartlite_0'
Parsing XDC File [c:/Users/ameen.shaikh/Desktop/projects/rmii_ethernet/rmii_ethernet.gen/sources_1/bd/design_1/ip/design_1_eth_rx_0_2/design_1_eth_rx_0_2/design_1_eth_rx_0_2_in_context.xdc] for cell 'design_1_i/eth_rx_0'
Finished Parsing XDC File [c:/Users/ameen.shaikh/Desktop/projects/rmii_ethernet/rmii_ethernet.gen/sources_1/bd/design_1/ip/design_1_eth_rx_0_2/design_1_eth_rx_0_2/design_1_eth_rx_0_2_in_context.xdc] for cell 'design_1_i/eth_rx_0'
Parsing XDC File [C:/Users/ameen.shaikh/Desktop/projects/rmii_ethernet/rmii_ethernet.srcs/constrs_1/new/constraints.xdc]
WARNING: [Vivado 12-627] No clocks matched 'clk_out1_design_1_clk_wiz_1_0'. [C:/Users/ameen.shaikh/Desktop/projects/rmii_ethernet/rmii_ethernet.srcs/constrs_1/new/constraints.xdc:47]
INFO: [Vivado 12-626] No clocks found. Please use 'create_clock' or 'create_generated_clock' command to create clocks. [C:/Users/ameen.shaikh/Desktop/projects/rmii_ethernet/rmii_ethernet.srcs/constrs_1/new/constraints.xdc:47]
CRITICAL WARNING: [Vivado 12-4739] set_clock_groups:No valid object(s) found for '-group [get_clocks -include_generated_clocks clk_out1_design_1_clk_wiz_1_0]'. [C:/Users/ameen.shaikh/Desktop/projects/rmii_ethernet/rmii_ethernet.srcs/constrs_1/new/constraints.xdc:47]
Resolution: Check if the specified object(s) exists in the current design. If it does, ensure that the correct design hierarchy was specified for the object. If you are working with clocks, make sure create_clock was used to create the clock object before it is referenced.
CRITICAL WARNING: [Vivado 12-4739] set_clock_groups:No valid object(s) found for '-group '. [C:/Users/ameen.shaikh/Desktop/projects/rmii_ethernet/rmii_ethernet.srcs/constrs_1/new/constraints.xdc:47]
Resolution: Check if the specified object(s) exists in the current design. If it does, ensure that the correct design hierarchy was specified for the object. If you are working with clocks, make sure create_clock was used to create the clock object before it is referenced.
Finished Parsing XDC File [C:/Users/ameen.shaikh/Desktop/projects/rmii_ethernet/rmii_ethernet.srcs/constrs_1/new/constraints.xdc]
WARNING: [Project 1-498] One or more constraints failed evaluation while reading constraint file [C:/Users/ameen.shaikh/Desktop/projects/rmii_ethernet/rmii_ethernet.srcs/constrs_1/new/constraints.xdc] and the design contains unresolved black boxes. These constraints will be read post-synthesis (as long as their source constraint file is marked as used_in_implementation) and should be applied correctly then. You should review the constraints listed in the file [.Xil/design_1_wrapper_propImpl.xdc] and check the run log file to verify that these constraints were correctly applied.
INFO: [Project 1-236] Implementation specific constraints were found while reading constraint file [C:/Users/ameen.shaikh/Desktop/projects/rmii_ethernet/rmii_ethernet.srcs/constrs_1/new/constraints.xdc]. These constraints will be ignored for synthesis but will be used in implementation. Impacted constraints are listed in the file [.Xil/design_1_wrapper_propImpl.xdc].
Resolution: To avoid this warning, move constraints listed in [.Xil/design_1_wrapper_propImpl.xdc] to another XDC file and exclude this new file from synthesis with the used_in_synthesis property (File Properties dialog in GUI) and re-run elaboration/synthesis.
Parsing XDC File [C:/Users/ameen.shaikh/Desktop/projects/rmii_ethernet/rmii_ethernet.runs/synth_1/dont_touch.xdc]
Finished Parsing XDC File [C:/Users/ameen.shaikh/Desktop/projects/rmii_ethernet/rmii_ethernet.runs/synth_1/dont_touch.xdc]
Completed Processing XDC Constraints

Netlist sorting complete. Time (s): cpu = 00:00:00 ; elapsed = 00:00:00 . Memory (MB): peak = 1451.602 ; gain = 0.000
INFO: [Project 1-111] Unisim Transformation Summary:
No Unisim elements were transformed.

Constraint Validation Runtime : Time (s): cpu = 00:00:00 ; elapsed = 00:00:00.006 . Memory (MB): peak = 1451.602 ; gain = 0.000
WARNING: [Timing 38-316] Clock period '20.000' specified during out-of-context synthesis of instance 'design_1_i/axi_bram_ctrl_0_bram' at clock pin 'clka' is different from the actual clock period '10.000', this can lead to different synthesis results.
WARNING: [Timing 38-316] Clock period '20.000' specified during out-of-context synthesis of instance 'design_1_i/microblaze_0_local_memory/lmb_bram' at clock pin 'clka' is different from the actual clock period '10.000', this can lead to different synthesis results.
INFO: [Designutils 20-5440] No compile time benefit to using incremental synthesis; A full resynthesis will be run
INFO: [Designutils 20-4379] Flow is switching to default flow due to incremental criteria not met. If you would like to alter this behaviour and have the flow terminate instead, please set the following parameter config_implementation {autoIncr.Synth.RejectBehavior Terminate}
---------------------------------------------------------------------------------
Finished Constraint Validation : Time (s): cpu = 00:00:09 ; elapsed = 00:00:11 . Memory (MB): peak = 1451.602 ; gain = 671.539
---------------------------------------------------------------------------------
---------------------------------------------------------------------------------
Start Loading Part and Timing Information
---------------------------------------------------------------------------------
Loading part: xc7a35tcpg236-1
---------------------------------------------------------------------------------
Finished Loading Part and Timing Information : Time (s): cpu = 00:00:09 ; elapsed = 00:00:11 . Memory (MB): peak = 1451.602 ; gain = 671.539
---------------------------------------------------------------------------------
---------------------------------------------------------------------------------
Start Applying 'set_property' XDC Constraints
---------------------------------------------------------------------------------
---------------------------------------------------------------------------------
Finished applying 'set_property' XDC Constraints : Time (s): cpu = 00:00:09 ; elapsed = 00:00:11 . Memory (MB): peak = 1451.602 ; gain = 671.539
---------------------------------------------------------------------------------
---------------------------------------------------------------------------------
Finished RTL Optimization Phase 2 : Time (s): cpu = 00:00:09 ; elapsed = 00:00:11 . Memory (MB): peak = 1451.602 ; gain = 671.539
---------------------------------------------------------------------------------
---------------------------------------------------------------------------------
Start RTL Component Statistics 
---------------------------------------------------------------------------------
Detailed RTL Component Info : 
---------------------------------------------------------------------------------
Finished RTL Component Statistics 
---------------------------------------------------------------------------------
---------------------------------------------------------------------------------
Start Part Resource Summary
---------------------------------------------------------------------------------
Part Resources:
DSPs: 90 (col length:60)
BRAMs: 100 (col length: RAMB18 60 RAMB36 30)
---------------------------------------------------------------------------------
Finished Part Resource Summary
---------------------------------------------------------------------------------
---------------------------------------------------------------------------------
Start Cross Boundary and Area Optimization
---------------------------------------------------------------------------------
WARNING: [Synth 8-7129] Port uart_tx in module design_1 is either unconnected or has no load
---------------------------------------------------------------------------------
Finished Cross Boundary and Area Optimization : Time (s): cpu = 00:00:10 ; elapsed = 00:00:12 . Memory (MB): peak = 1454.652 ; gain = 674.590
---------------------------------------------------------------------------------
---------------------------------------------------------------------------------
Start Applying XDC Timing Constraints
---------------------------------------------------------------------------------
---------------------------------------------------------------------------------
Finished Applying XDC Timing Constraints : Time (s): cpu = 00:00:14 ; elapsed = 00:00:15 . Memory (MB): peak = 1620.074 ; gain = 840.012
---------------------------------------------------------------------------------
---------------------------------------------------------------------------------
Start Timing Optimization
---------------------------------------------------------------------------------
---------------------------------------------------------------------------------
Finished Timing Optimization : Time (s): cpu = 00:00:14 ; elapsed = 00:00:15 . Memory (MB): peak = 1620.371 ; gain = 840.309
---------------------------------------------------------------------------------
---------------------------------------------------------------------------------
Start Technology Mapping
---------------------------------------------------------------------------------
---------------------------------------------------------------------------------
Finished Technology Mapping : Time (s): cpu = 00:00:14 ; elapsed = 00:00:15 . Memory (MB): peak = 1630.785 ; gain = 850.723
---------------------------------------------------------------------------------
---------------------------------------------------------------------------------
Start IO Insertion
---------------------------------------------------------------------------------
---------------------------------------------------------------------------------
Start Flattening Before IO Insertion
---------------------------------------------------------------------------------
---------------------------------------------------------------------------------
Finished Flattening Before IO Insertion
---------------------------------------------------------------------------------
---------------------------------------------------------------------------------
Start Final Netlist Cleanup
---------------------------------------------------------------------------------
---------------------------------------------------------------------------------
Finished Final Netlist Cleanup
---------------------------------------------------------------------------------
---------------------------------------------------------------------------------
Finished IO Insertion : Time (s): cpu = 00:00:16 ; elapsed = 00:00:17 . Memory (MB): peak = 1879.461 ; gain = 1099.398
---------------------------------------------------------------------------------
---------------------------------------------------------------------------------
Start Renaming Generated Instances
---------------------------------------------------------------------------------
---------------------------------------------------------------------------------
Finished Renaming Generated Instances : Time (s): cpu = 00:00:16 ; elapsed = 00:00:17 . Memory (MB): peak = 1879.461 ; gain = 1099.398
---------------------------------------------------------------------------------
---------------------------------------------------------------------------------
Start Rebuilding User Hierarchy
---------------------------------------------------------------------------------
---------------------------------------------------------------------------------
Finished Rebuilding User Hierarchy : Time (s): cpu = 00:00:16 ; elapsed = 00:00:17 . Memory (MB): peak = 1879.461 ; gain = 1099.398
---------------------------------------------------------------------------------
---------------------------------------------------------------------------------
Start Renaming Generated Ports
---------------------------------------------------------------------------------
---------------------------------------------------------------------------------
Finished Renaming Generated Ports : Time (s): cpu = 00:00:16 ; elapsed = 00:00:17 . Memory (MB): peak = 1879.461 ; gain = 1099.398
---------------------------------------------------------------------------------
---------------------------------------------------------------------------------
Start Handling Custom Attributes
---------------------------------------------------------------------------------
---------------------------------------------------------------------------------
Finished Handling Custom Attributes : Time (s): cpu = 00:00:16 ; elapsed = 00:00:17 . Memory (MB): peak = 1879.461 ; gain = 1099.398
---------------------------------------------------------------------------------
---------------------------------------------------------------------------------
Start Renaming Generated Nets
---------------------------------------------------------------------------------
---------------------------------------------------------------------------------
Finished Renaming Generated Nets : Time (s): cpu = 00:00:16 ; elapsed = 00:00:17 . Memory (MB): peak = 1879.461 ; gain = 1099.398
---------------------------------------------------------------------------------
---------------------------------------------------------------------------------
Start Writing Synthesis Report
---------------------------------------------------------------------------------

Report BlackBoxes: 
+------+--------------------------------+----------+
|      |BlackBox name                   |Instances |
+------+--------------------------------+----------+
|1     |design_1_axi_bram_ctrl_0_0      |         1|
|2     |design_1_axi_bram_ctrl_0_bram_0 |         1|
|3     |design_1_axi_uartlite_0_0       |         1|
|4     |design_1_clk_wiz_1_0            |         1|
|5     |design_1_eth_rx_0_2             |         1|
|6     |design_1_mdm_1_0                |         1|
|7     |design_1_microblaze_0_0         |         1|
|8     |design_1_rst_clk_wiz_1_100M_0   |         1|
|9     |design_1_smartconnect_0_0       |         1|
|10    |design_1_dlmb_bram_if_cntlr_0   |         1|
|11    |design_1_dlmb_v10_0             |         1|
|12    |design_1_ilmb_bram_if_cntlr_0   |         1|
|13    |design_1_ilmb_v10_0             |         1|
|14    |design_1_lmb_bram_0             |         1|
+------+--------------------------------+----------+

Report Cell Usage: 
+------+-------------------------------------+------+
|      |Cell                                 |Count |
+------+-------------------------------------+------+
|1     |design_1_axi_bram_ctrl_0_0_bbox      |     1|
|2     |design_1_axi_bram_ctrl_0_bram_0_bbox |     1|
|3     |design_1_axi_uartlite_0_0_bbox       |     1|
|4     |design_1_clk_wiz_1_0_bbox            |     1|
|5     |design_1_dlmb_bram_if_cntlr_0_bbox   |     1|
|6     |design_1_dlmb_v10_0_bbox             |     1|
|7     |design_1_eth_rx_0_2_bbox             |     1|
|8     |design_1_ilmb_bram_if_cntlr_0_bbox   |     1|
|9     |design_1_ilmb_v10_0_bbox             |     1|
|10    |design_1_lmb_bram_0_bbox             |     1|
|11    |design_1_mdm_1_0_bbox                |     1|
|12    |design_1_microblaze_0_0_bbox         |     1|
|13    |design_1_rst_clk_wiz_1_100M_0_bbox   |     1|
|14    |design_1_smartconnect_0_0_bbox       |     1|
|15    |IBUF                                 |     6|
|16    |OBUF                                 |     3|
|17    |OBUFT                                |     1|
+------+-------------------------------------+------+
---------------------------------------------------------------------------------
Finished Writing Synthesis Report : Time (s): cpu = 00:00:16 ; elapsed = 00:00:17 . Memory (MB): peak = 1879.461 ; gain = 1099.398
---------------------------------------------------------------------------------
Synthesis finished with 0 errors, 0 critical warnings and 1 warnings.
Synthesis Optimization Runtime : Time (s): cpu = 00:00:10 ; elapsed = 00:00:16 . Memory (MB): peak = 1879.461 ; gain = 1099.398
Synthesis Optimization Complete : Time (s): cpu = 00:00:16 ; elapsed = 00:00:18 . Memory (MB): peak = 1879.461 ; gain = 1099.398
INFO: [Project 1-571] Translating synthesized netlist
Netlist sorting complete. Time (s): cpu = 00:00:00 ; elapsed = 00:00:00.011 . Memory (MB): peak = 1888.625 ; gain = 0.000
INFO: [Project 1-570] Preparing netlist for logic optimization
INFO: [Opt 31-138] Pushed 0 inverter(s) to 0 load pin(s).
Netlist sorting complete. Time (s): cpu = 00:00:00 ; elapsed = 00:00:00 . Memory (MB): peak = 1892.266 ; gain = 0.000
INFO: [Project 1-111] Unisim Transformation Summary:
No Unisim elements were transformed.

Synth Design complete | Checksum: 487f43f4
INFO: [Common 17-83] Releasing license: Synthesis
64 Infos, 7 Warnings, 2 Critical Warnings and 0 Errors encountered.
synth_design completed successfully
synth_design: Time (s): cpu = 00:00:18 ; elapsed = 00:00:23 . Memory (MB): peak = 1892.266 ; gain = 1300.414
INFO: [runtcl-6] Synthesis results are not added to the cache due to CRITICAL_WARNING
Write ShapeDB Complete: Time (s): cpu = 00:00:00 ; elapsed = 00:00:00 . Memory (MB): peak = 1892.266 ; gain = 0.000
INFO: [Common 17-1381] The checkpoint 'C:/Users/ameen.shaikh/Desktop/projects/rmii_ethernet/rmii_ethernet.runs/synth_1/design_1_wrapper.dcp' has been generated.
INFO: [Vivado 12-24828] Executing command : report_utilization -file design_1_wrapper_utilization_synth.rpt -pb design_1_wrapper_utilization_synth.pb
INFO: [Common 17-206] Exiting Vivado at Tue Jun 16 19:05:49 2026...
