
*** Running vivado
    with args -log design_1_wrapper.vdi -applog -m64 -product Vivado -messageDb vivado.pb -mode batch -source design_1_wrapper.tcl -notrace



****** Vivado v2025.2 (64-bit)
  **** SW Build 6299465 on Fri Nov 14 19:35:11 GMT 2025
  **** IP Build 6300035 on Fri Nov 14 10:48:45 MST 2025
  **** SharedData Build 6298862 on Thu Nov 13 04:50:51 MST 2025
  **** Start of session at: Tue Jun 16 19:05:55 2026
    ** Copyright 1986-2022 Xilinx, Inc. All Rights Reserved.
    ** Copyright 2022-2025 Advanced Micro Devices, Inc. All Rights Reserved.

source design_1_wrapper.tcl -notrace
create_project: Time (s): cpu = 00:00:05 ; elapsed = 00:00:05 . Memory (MB): peak = 524.258 ; gain = 220.164
INFO: [IP_Flow 19-234] Refreshing IP repositories
INFO: [IP_Flow 19-1704] No user IP repositories specified
INFO: [IP_Flow 19-2313] Loaded Vivado IP repository 'C:/AMDDesignTools/2025.2/Vivado/data/ip'.
add_files: Time (s): cpu = 00:00:03 ; elapsed = 00:00:07 . Memory (MB): peak = 592.516 ; gain = 68.258
Command: link_design -top design_1_wrapper -part xc7a35tcpg236-1
Design is defaulting to srcset: sources_1
Design is defaulting to constrset: constrs_1
INFO: [Device 21-403] Loading part xc7a35tcpg236-1
INFO: [Project 1-5699] Read binary netlist with skipMacroContent - 1
INFO: [Project 1-454] Reading design checkpoint 'c:/Users/ameen.shaikh/Desktop/projects/rmii_ethernet/rmii_ethernet.gen/sources_1/bd/design_1/ip/design_1_axi_bram_ctrl_0_0/design_1_axi_bram_ctrl_0_0.dcp' for cell 'design_1_i/axi_bram_ctrl_0'
INFO: [Project 1-454] Reading design checkpoint 'c:/Users/ameen.shaikh/Desktop/projects/rmii_ethernet/rmii_ethernet.gen/sources_1/bd/design_1/ip/design_1_axi_bram_ctrl_0_bram_0/design_1_axi_bram_ctrl_0_bram_0.dcp' for cell 'design_1_i/axi_bram_ctrl_0_bram'
INFO: [Project 1-454] Reading design checkpoint 'c:/Users/ameen.shaikh/Desktop/projects/rmii_ethernet/rmii_ethernet.gen/sources_1/bd/design_1/ip/design_1_axi_uartlite_0_0/design_1_axi_uartlite_0_0.dcp' for cell 'design_1_i/axi_uartlite_0'
INFO: [Project 1-454] Reading design checkpoint 'c:/Users/ameen.shaikh/Desktop/projects/rmii_ethernet/rmii_ethernet.gen/sources_1/bd/design_1/ip/design_1_clk_wiz_1_0/design_1_clk_wiz_1_0.dcp' for cell 'design_1_i/clk_wiz_1'
INFO: [Project 1-454] Reading design checkpoint 'c:/Users/ameen.shaikh/Desktop/projects/rmii_ethernet/rmii_ethernet.gen/sources_1/bd/design_1/ip/design_1_eth_rx_0_2/design_1_eth_rx_0_2.dcp' for cell 'design_1_i/eth_rx_0'
INFO: [Project 1-454] Reading design checkpoint 'c:/Users/ameen.shaikh/Desktop/projects/rmii_ethernet/rmii_ethernet.gen/sources_1/bd/design_1/ip/design_1_mdm_1_0/design_1_mdm_1_0.dcp' for cell 'design_1_i/mdm_1'
INFO: [Project 1-454] Reading design checkpoint 'c:/Users/ameen.shaikh/Desktop/projects/rmii_ethernet/rmii_ethernet.gen/sources_1/bd/design_1/ip/design_1_microblaze_0_0/design_1_microblaze_0_0.dcp' for cell 'design_1_i/microblaze_0'
INFO: [Project 1-454] Reading design checkpoint 'c:/Users/ameen.shaikh/Desktop/projects/rmii_ethernet/rmii_ethernet.gen/sources_1/bd/design_1/ip/design_1_rst_clk_wiz_1_100M_0/design_1_rst_clk_wiz_1_100M_0.dcp' for cell 'design_1_i/rst_clk_wiz_1_100M'
INFO: [Project 1-454] Reading design checkpoint 'c:/Users/ameen.shaikh/Desktop/projects/rmii_ethernet/rmii_ethernet.gen/sources_1/bd/design_1/ip/design_1_smartconnect_0_0/design_1_smartconnect_0_0.dcp' for cell 'design_1_i/smartconnect_0'
INFO: [Project 1-454] Reading design checkpoint 'c:/Users/ameen.shaikh/Desktop/projects/rmii_ethernet/rmii_ethernet.gen/sources_1/bd/design_1/ip/design_1_dlmb_bram_if_cntlr_0/design_1_dlmb_bram_if_cntlr_0.dcp' for cell 'design_1_i/microblaze_0_local_memory/dlmb_bram_if_cntlr'
INFO: [Project 1-454] Reading design checkpoint 'c:/Users/ameen.shaikh/Desktop/projects/rmii_ethernet/rmii_ethernet.gen/sources_1/bd/design_1/ip/design_1_dlmb_v10_0/design_1_dlmb_v10_0.dcp' for cell 'design_1_i/microblaze_0_local_memory/dlmb_v10'
INFO: [Project 1-454] Reading design checkpoint 'c:/Users/ameen.shaikh/Desktop/projects/rmii_ethernet/rmii_ethernet.gen/sources_1/bd/design_1/ip/design_1_ilmb_bram_if_cntlr_0/design_1_ilmb_bram_if_cntlr_0.dcp' for cell 'design_1_i/microblaze_0_local_memory/ilmb_bram_if_cntlr'
INFO: [Project 1-454] Reading design checkpoint 'c:/Users/ameen.shaikh/Desktop/projects/rmii_ethernet/rmii_ethernet.gen/sources_1/bd/design_1/ip/design_1_ilmb_v10_0/design_1_ilmb_v10_0.dcp' for cell 'design_1_i/microblaze_0_local_memory/ilmb_v10'
INFO: [Project 1-454] Reading design checkpoint 'c:/Users/ameen.shaikh/Desktop/projects/rmii_ethernet/rmii_ethernet.gen/sources_1/bd/design_1/ip/design_1_lmb_bram_0/design_1_lmb_bram_0.dcp' for cell 'design_1_i/microblaze_0_local_memory/lmb_bram'
Netlist sorting complete. Time (s): cpu = 00:00:00 ; elapsed = 00:00:00.388 . Memory (MB): peak = 884.664 ; gain = 0.000
INFO: [Netlist 29-17] Analyzing 464 Unisim elements for replacement
INFO: [Netlist 29-28] Unisim Transformation completed in 0 CPU seconds
INFO: [Project 1-479] Netlist was created with Vivado 2025.2
INFO: [Project 1-570] Preparing netlist for logic optimization
Parsing XDC File [c:/Users/ameen.shaikh/Desktop/projects/rmii_ethernet/rmii_ethernet.gen/sources_1/bd/design_1/ip/design_1_microblaze_0_0/design_1_microblaze_0_0.xdc] for cell 'design_1_i/microblaze_0/U0'
Finished Parsing XDC File [c:/Users/ameen.shaikh/Desktop/projects/rmii_ethernet/rmii_ethernet.gen/sources_1/bd/design_1/ip/design_1_microblaze_0_0/design_1_microblaze_0_0.xdc] for cell 'design_1_i/microblaze_0/U0'
Parsing XDC File [c:/Users/ameen.shaikh/Desktop/projects/rmii_ethernet/rmii_ethernet.gen/sources_1/bd/design_1/ip/design_1_clk_wiz_1_0/design_1_clk_wiz_1_0_board.xdc] for cell 'design_1_i/clk_wiz_1/inst'
Finished Parsing XDC File [c:/Users/ameen.shaikh/Desktop/projects/rmii_ethernet/rmii_ethernet.gen/sources_1/bd/design_1/ip/design_1_clk_wiz_1_0/design_1_clk_wiz_1_0_board.xdc] for cell 'design_1_i/clk_wiz_1/inst'
Parsing XDC File [c:/Users/ameen.shaikh/Desktop/projects/rmii_ethernet/rmii_ethernet.gen/sources_1/bd/design_1/ip/design_1_clk_wiz_1_0/design_1_clk_wiz_1_0.xdc] for cell 'design_1_i/clk_wiz_1/inst'
INFO: [Timing 38-35] Done setting XDC timing constraints. [c:/Users/ameen.shaikh/Desktop/projects/rmii_ethernet/rmii_ethernet.gen/sources_1/bd/design_1/ip/design_1_clk_wiz_1_0/design_1_clk_wiz_1_0.xdc:54]
INFO: [Timing 38-2] Deriving generated clocks [c:/Users/ameen.shaikh/Desktop/projects/rmii_ethernet/rmii_ethernet.gen/sources_1/bd/design_1/ip/design_1_clk_wiz_1_0/design_1_clk_wiz_1_0.xdc:54]
Finished Parsing XDC File [c:/Users/ameen.shaikh/Desktop/projects/rmii_ethernet/rmii_ethernet.gen/sources_1/bd/design_1/ip/design_1_clk_wiz_1_0/design_1_clk_wiz_1_0.xdc] for cell 'design_1_i/clk_wiz_1/inst'
Parsing XDC File [c:/Users/ameen.shaikh/Desktop/projects/rmii_ethernet/rmii_ethernet.gen/sources_1/bd/design_1/ip/design_1_rst_clk_wiz_1_100M_0/design_1_rst_clk_wiz_1_100M_0_board.xdc] for cell 'design_1_i/rst_clk_wiz_1_100M/U0'
Finished Parsing XDC File [c:/Users/ameen.shaikh/Desktop/projects/rmii_ethernet/rmii_ethernet.gen/sources_1/bd/design_1/ip/design_1_rst_clk_wiz_1_100M_0/design_1_rst_clk_wiz_1_100M_0_board.xdc] for cell 'design_1_i/rst_clk_wiz_1_100M/U0'
Parsing XDC File [c:/Users/ameen.shaikh/Desktop/projects/rmii_ethernet/rmii_ethernet.gen/sources_1/bd/design_1/ip/design_1_smartconnect_0_0/bd_0/ip/ip_1/bd_48ac_psr_aclk_0_board.xdc] for cell 'design_1_i/smartconnect_0/inst/clk_map/psr_aclk/U0'
Finished Parsing XDC File [c:/Users/ameen.shaikh/Desktop/projects/rmii_ethernet/rmii_ethernet.gen/sources_1/bd/design_1/ip/design_1_smartconnect_0_0/bd_0/ip/ip_1/bd_48ac_psr_aclk_0_board.xdc] for cell 'design_1_i/smartconnect_0/inst/clk_map/psr_aclk/U0'
Parsing XDC File [c:/Users/ameen.shaikh/Desktop/projects/rmii_ethernet/rmii_ethernet.gen/sources_1/bd/design_1/ip/design_1_smartconnect_0_0/smartconnect.xdc] for cell 'design_1_i/smartconnect_0/inst'
Finished Parsing XDC File [c:/Users/ameen.shaikh/Desktop/projects/rmii_ethernet/rmii_ethernet.gen/sources_1/bd/design_1/ip/design_1_smartconnect_0_0/smartconnect.xdc] for cell 'design_1_i/smartconnect_0/inst'
Parsing XDC File [c:/Users/ameen.shaikh/Desktop/projects/rmii_ethernet/rmii_ethernet.gen/sources_1/bd/design_1/ip/design_1_axi_uartlite_0_0/design_1_axi_uartlite_0_0_board.xdc] for cell 'design_1_i/axi_uartlite_0/U0'
Finished Parsing XDC File [c:/Users/ameen.shaikh/Desktop/projects/rmii_ethernet/rmii_ethernet.gen/sources_1/bd/design_1/ip/design_1_axi_uartlite_0_0/design_1_axi_uartlite_0_0_board.xdc] for cell 'design_1_i/axi_uartlite_0/U0'
Parsing XDC File [C:/Users/ameen.shaikh/Desktop/projects/rmii_ethernet/rmii_ethernet.srcs/constrs_1/new/constraints.xdc]
Finished Parsing XDC File [C:/Users/ameen.shaikh/Desktop/projects/rmii_ethernet/rmii_ethernet.srcs/constrs_1/new/constraints.xdc]
Parsing XDC File [c:/Users/ameen.shaikh/Desktop/projects/rmii_ethernet/rmii_ethernet.gen/sources_1/bd/design_1/ip/design_1_mdm_1_0/design_1_mdm_1_0.xdc] for cell 'design_1_i/mdm_1/U0'
Finished Parsing XDC File [c:/Users/ameen.shaikh/Desktop/projects/rmii_ethernet/rmii_ethernet.gen/sources_1/bd/design_1/ip/design_1_mdm_1_0/design_1_mdm_1_0.xdc] for cell 'design_1_i/mdm_1/U0'
INFO: [Project 1-1714] 106 XPM XDC files have been applied to the design.
INFO: [Opt 31-138] Pushed 0 inverter(s) to 0 load pin(s).
Generating merged BMM file for the design top 'design_1_wrapper'...
INFO: [Memdata 28-144] Successfully populated the BRAM INIT strings from the following elf files: c:/Users/ameen.shaikh/Desktop/projects/rmii_ethernet/rmii_ethernet.gen/sources_1/bd/design_1/ip/design_1_microblaze_0_0/data/mb_bootloop_le.elf 
Netlist sorting complete. Time (s): cpu = 00:00:00 ; elapsed = 00:00:00.009 . Memory (MB): peak = 1594.242 ; gain = 0.000
INFO: [Project 1-111] Unisim Transformation Summary:
  A total of 267 instances were transformed.
  LUT6_2 => LUT6_2 (LUT5, LUT6): 80 instances
  RAM16X1D => RAM32X1D (RAMD32(x2)): 5 instances
  RAM32M => RAM32M (RAMD32(x6), RAMS32(x2)): 162 instances
  RAM32X1D => RAM32X1D (RAMD32(x2)): 20 instances

29 Infos, 0 Warnings, 0 Critical Warnings and 0 Errors encountered.
link_design completed successfully
link_design: Time (s): cpu = 00:00:11 ; elapsed = 00:00:20 . Memory (MB): peak = 1594.242 ; gain = 1001.727
Command: opt_design
Attempting to get a license for feature 'Implementation' and/or device 'xc7a35t'
INFO: [Common 17-349] Got license for feature 'Implementation' and/or device 'xc7a35t'
Running DRC as a precondition to command opt_design

Starting DRC Task
INFO: [DRC 23-27] Running DRC with 2 threads
INFO: [Project 1-461] DRC finished with 0 Errors
INFO: [Project 1-462] Please refer to the DRC report (report_drc) for more information.

Time (s): cpu = 00:00:01 ; elapsed = 00:00:00.693 . Memory (MB): peak = 1594.242 ; gain = 0.000

Starting Cache Timing Information Task
INFO: [Timing 38-35] Done setting XDC timing constraints.
Ending Cache Timing Information Task | Checksum: 24a872920

Time (s): cpu = 00:00:00 ; elapsed = 00:00:00.409 . Memory (MB): peak = 1594.242 ; gain = 0.000

Starting Logic Optimization Task

Phase 1 Initialization

Phase 1.1 Core Generation And Design Setup
Phase 1.1 Core Generation And Design Setup | Checksum: 24a872920

Time (s): cpu = 00:00:00 ; elapsed = 00:00:00.026 . Memory (MB): peak = 2025.676 ; gain = 0.000

Phase 1.2 Setup Constraints And Sort Netlist
Phase 1.2 Setup Constraints And Sort Netlist | Checksum: 24a872920

Time (s): cpu = 00:00:00 ; elapsed = 00:00:00.039 . Memory (MB): peak = 2025.676 ; gain = 0.000
Phase 1 Initialization | Checksum: 24a872920

Time (s): cpu = 00:00:00 ; elapsed = 00:00:00.040 . Memory (MB): peak = 2025.676 ; gain = 0.000

Phase 2 Timer Update And Timing Data Collection

Phase 2.1 Detect if minReqCache needed
Phase 2.1 Detect if minReqCache needed | Checksum: 24a872920

Time (s): cpu = 00:00:00 ; elapsed = 00:00:00.069 . Memory (MB): peak = 2025.715 ; gain = 0.039

Phase 2.2 Timer Update
Phase 2.2 Timer Update | Checksum: 24a872920

Time (s): cpu = 00:00:00 ; elapsed = 00:00:00.216 . Memory (MB): peak = 2025.715 ; gain = 0.039

Phase 2.3 Timing Data Collection
Phase 2.3 Timing Data Collection | Checksum: 24a872920

Time (s): cpu = 00:00:00 ; elapsed = 00:00:00.231 . Memory (MB): peak = 2025.715 ; gain = 0.039
Phase 2 Timer Update And Timing Data Collection | Checksum: 24a872920

Time (s): cpu = 00:00:00 ; elapsed = 00:00:00.233 . Memory (MB): peak = 2025.715 ; gain = 0.039

Phase 3 Retarget
INFO: [Opt 31-1851] Number of loadless carry chains removed were: 0
INFO: [Opt 31-1834] Total Chains To Be Transformed Were: 0 AND Number of Transformed insts Created are: 0
INFO: [Opt 31-1566] Pulled 3 inverters resulting in an inversion of 21 pins
INFO: [Opt 31-138] Pushed 25 inverter(s) to 181 load pin(s).
INFO: [Opt 31-49] Retargeted 0 cell(s).
Phase 3 Retarget | Checksum: 164c482c4

Time (s): cpu = 00:00:00 ; elapsed = 00:00:00.446 . Memory (MB): peak = 2025.715 ; gain = 0.039
Retarget | Checksum: 164c482c4
INFO: [Opt 31-389] Phase Retarget created 109 cells and removed 160 cells
INFO: [Opt 31-1021] In phase Retarget, 95 netlist objects are constrained preventing optimization. Please run opt_design with -debug_log to get more detail. 

Phase 4 Constant propagation
INFO: [Opt 31-138] Pushed 4 inverter(s) to 6 load pin(s).
Phase 4 Constant propagation | Checksum: 2401efaf4

Time (s): cpu = 00:00:01 ; elapsed = 00:00:00.615 . Memory (MB): peak = 2025.715 ; gain = 0.039
Constant propagation | Checksum: 2401efaf4
INFO: [Opt 31-389] Phase Constant propagation created 109 cells and removed 754 cells
INFO: [Opt 31-1021] In phase Constant propagation, 93 netlist objects are constrained preventing optimization. Please run opt_design with -debug_log to get more detail. 

Phase 5 Sweep
INFO: [Constraints 18-11670] Building netlist checker database with flags, 0x8
Done building netlist checker database: Time (s): cpu = 00:00:00 ; elapsed = 00:00:00.008 . Memory (MB): peak = 2025.715 ; gain = 0.000
INFO: [Constraints 18-11670] Building netlist checker database with flags, 0x8
Done building netlist checker database: Time (s): cpu = 00:00:00 ; elapsed = 00:00:00.006 . Memory (MB): peak = 2025.715 ; gain = 0.000
Phase 5 Sweep | Checksum: 1d9b94efc

Time (s): cpu = 00:00:02 ; elapsed = 00:00:02 . Memory (MB): peak = 2025.715 ; gain = 0.039
Sweep | Checksum: 1d9b94efc
INFO: [Opt 31-389] Phase Sweep created 0 cells and removed 2007 cells
INFO: [Opt 31-1021] In phase Sweep, 116 netlist objects are constrained preventing optimization. Please run opt_design with -debug_log to get more detail. 

Phase 6 BUFG optimization
INFO: [Opt 31-194] Inserted BUFG i_ref_clk_IBUF_BUFG_inst to drive 175 load(s) on clock net i_ref_clk_IBUF_BUFG
INFO: [Opt 31-194] Inserted BUFG design_1_i/mdm_1/U0/Use_E2.BSCAN_I/Dbg_Update_0_BUFG_inst to drive 39 load(s) on clock net design_1_i/mdm_1/U0/Use_E2.BSCAN_I/Dbg_Update_0_BUFG
INFO: [Opt 31-193] Inserted 2 BUFG(s) on clock nets
Phase 6 BUFG optimization | Checksum: 1d3e9d171

Time (s): cpu = 00:00:02 ; elapsed = 00:00:02 . Memory (MB): peak = 2025.715 ; gain = 0.039
BUFG optimization | Checksum: 1d3e9d171
INFO: [Opt 31-662] Phase BUFG optimization created 2 cells of which 2 are BUFGs and removed 0 cells.

Phase 7 Shift Register Optimization
INFO: [Opt 31-1064] SRL Remap converted 0 SRLs to 0 registers and converted 0 registers of register chains to 0 SRLs
Phase 7 Shift Register Optimization | Checksum: 1d3e9d171

Time (s): cpu = 00:00:02 ; elapsed = 00:00:02 . Memory (MB): peak = 2025.715 ; gain = 0.039
Shift Register Optimization | Checksum: 1d3e9d171
INFO: [Opt 31-389] Phase Shift Register Optimization created 0 cells and removed 0 cells

Phase 8 Post Processing Netlist
Phase 8 Post Processing Netlist | Checksum: 1f38cea78

Time (s): cpu = 00:00:02 ; elapsed = 00:00:02 . Memory (MB): peak = 2025.715 ; gain = 0.039
Post Processing Netlist | Checksum: 1f38cea78
INFO: [Opt 31-389] Phase Post Processing Netlist created 0 cells and removed 0 cells
INFO: [Opt 31-1021] In phase Post Processing Netlist, 93 netlist objects are constrained preventing optimization. Please run opt_design with -debug_log to get more detail. 

Phase 9 Finalization

Phase 9.1 Finalizing Design Cores and Updating Shapes
Phase 9.1 Finalizing Design Cores and Updating Shapes | Checksum: 1e4b1d87d

Time (s): cpu = 00:00:02 ; elapsed = 00:00:02 . Memory (MB): peak = 2025.715 ; gain = 0.039

Phase 9.2 Verifying Netlist Connectivity

Starting Connectivity Check Task

Time (s): cpu = 00:00:00 ; elapsed = 00:00:00.030 . Memory (MB): peak = 2025.715 ; gain = 0.000
Phase 9.2 Verifying Netlist Connectivity | Checksum: 1e4b1d87d

Time (s): cpu = 00:00:02 ; elapsed = 00:00:02 . Memory (MB): peak = 2025.715 ; gain = 0.039
Phase 9 Finalization | Checksum: 1e4b1d87d

Time (s): cpu = 00:00:02 ; elapsed = 00:00:02 . Memory (MB): peak = 2025.715 ; gain = 0.039
Opt_design Change Summary
=========================


-------------------------------------------------------------------------------------------------------------------------
|  Phase                        |  #Cells created  |  #Cells Removed  |  #Constrained objects preventing optimizations  |
-------------------------------------------------------------------------------------------------------------------------
|  Retarget                     |             109  |             160  |                                             95  |
|  Constant propagation         |             109  |             754  |                                             93  |
|  Sweep                        |               0  |            2007  |                                            116  |
|  BUFG optimization            |               2  |               0  |                                              0  |
|  Shift Register Optimization  |               0  |               0  |                                              0  |
|  Post Processing Netlist      |               0  |               0  |                                             93  |
-------------------------------------------------------------------------------------------------------------------------


Ending Logic Optimization Task | Checksum: 1e4b1d87d

Time (s): cpu = 00:00:02 ; elapsed = 00:00:02 . Memory (MB): peak = 2025.715 ; gain = 0.039

Starting Power Optimization Task
INFO: [Pwropt 34-132] Skipping clock gating for clocks with a period < 2.00 ns.
INFO: [Pwropt 34-9] Applying IDT optimizations ...
INFO: [Pwropt 34-10] Applying ODC optimizations ...
INFO: [Timing 38-35] Done setting XDC timing constraints.
Running Vector-less Activity Propagation...

Finished Running Vector-less Activity Propagation


Starting PowerOpt Patch Enables Task
INFO: [Pwropt 34-162] WRITE_MODE attribute of 0 BRAM(s) out of a total of 7 has been updated to save power. Run report_power_opt to get a complete listing of the BRAMs updated.
INFO: [Pwropt 34-201] Structural ODC has moved 0 WE to EN ports
Number of BRAM Ports augmented: 4 newly gated: 0 Total Ports: 14
Ending PowerOpt Patch Enables Task | Checksum: 1c55b0cb8

Time (s): cpu = 00:00:00 ; elapsed = 00:00:00.054 . Memory (MB): peak = 2051.758 ; gain = 0.000
Ending Power Optimization Task | Checksum: 1c55b0cb8

Time (s): cpu = 00:00:03 ; elapsed = 00:00:02 . Memory (MB): peak = 2051.758 ; gain = 26.043

Starting Final Cleanup Task

Starting Logic Optimization Task
INFO: [Timing 38-35] Done setting XDC timing constraints.
Ending Logic Optimization Task | Checksum: 1df590879

Time (s): cpu = 00:00:01 ; elapsed = 00:00:00.768 . Memory (MB): peak = 2087.629 ; gain = 35.871
Ending Final Cleanup Task | Checksum: 1df590879

Time (s): cpu = 00:00:03 ; elapsed = 00:00:03 . Memory (MB): peak = 2087.629 ; gain = 35.871
Netlist sorting complete. Time (s): cpu = 00:00:00 ; elapsed = 00:00:00.007 . Memory (MB): peak = 2087.629 ; gain = 0.000
INFO: [Common 17-83] Releasing license: Implementation
64 Infos, 0 Warnings, 0 Critical Warnings and 0 Errors encountered.
opt_design completed successfully
opt_design: Time (s): cpu = 00:00:11 ; elapsed = 00:00:11 . Memory (MB): peak = 2087.629 ; gain = 493.387
INFO: [Vivado 12-24828] Executing command : report_drc -file design_1_wrapper_drc_opted.rpt -pb design_1_wrapper_drc_opted.pb -rpx design_1_wrapper_drc_opted.rpx
Command: report_drc -file design_1_wrapper_drc_opted.rpt -pb design_1_wrapper_drc_opted.pb -rpx design_1_wrapper_drc_opted.rpx
INFO: [IP_Flow 19-1839] IP Catalog is up to date.
INFO: [DRC 23-27] Running DRC with 2 threads
INFO: [Vivado_Tcl 2-168] The results of DRC are in file C:/Users/ameen.shaikh/Desktop/projects/rmii_ethernet/rmii_ethernet.runs/impl_1/design_1_wrapper_drc_opted.rpt.
report_drc completed successfully
INFO: [Timing 38-480] Writing timing data to binary archive.
Wrote PlaceDB: Time (s): cpu = 00:00:00 ; elapsed = 00:00:00 . Memory (MB): peak = 2087.629 ; gain = 0.000
Wrote PulsedLatchDB: Time (s): cpu = 00:00:00 ; elapsed = 00:00:00 . Memory (MB): peak = 2087.629 ; gain = 0.000
Writing XDEF routing.
Write ShapeDB Complete: Time (s): cpu = 00:00:00 ; elapsed = 00:00:00.019 . Memory (MB): peak = 2087.629 ; gain = 0.000
Writing XDEF routing logical nets.
Writing XDEF routing special nets.
Wrote RouteStorage: Time (s): cpu = 00:00:00 ; elapsed = 00:00:00.030 . Memory (MB): peak = 2087.629 ; gain = 0.000
Wrote PlaceStorage: Time (s): cpu = 00:00:00 ; elapsed = 00:00:00.001 . Memory (MB): peak = 2087.629 ; gain = 0.000
Wrote Netlist Cache: Time (s): cpu = 00:00:00 ; elapsed = 00:00:00 . Memory (MB): peak = 2087.629 ; gain = 0.000
Wrote Device Cache: Time (s): cpu = 00:00:00 ; elapsed = 00:00:00.005 . Memory (MB): peak = 2087.629 ; gain = 0.000
Write Physdb Complete: Time (s): cpu = 00:00:00 ; elapsed = 00:00:00.046 . Memory (MB): peak = 2087.629 ; gain = 0.000
INFO: [Common 17-1381] The checkpoint 'C:/Users/ameen.shaikh/Desktop/projects/rmii_ethernet/rmii_ethernet.runs/impl_1/design_1_wrapper_opt.dcp' has been generated.
Command: place_design
Attempting to get a license for feature 'Implementation' and/or device 'xc7a35t'
INFO: [Common 17-349] Got license for feature 'Implementation' and/or device 'xc7a35t'
INFO: [Common 17-83] Releasing license: Implementation
INFO: [DRC 23-27] Running DRC with 2 threads
INFO: [Vivado_Tcl 4-198] DRC finished with 0 Errors
INFO: [Vivado_Tcl 4-199] Please refer to the DRC report (report_drc) for more information.
INFO: [Timing 38-35] Done setting XDC timing constraints.
Running DRC as a precondition to command place_design
INFO: [DRC 23-27] Running DRC with 2 threads
INFO: [Vivado_Tcl 4-198] DRC finished with 0 Errors
INFO: [Vivado_Tcl 4-199] Please refer to the DRC report (report_drc) for more information.
INFO: [Place 30-611] Multithreading enabled for place_design using a maximum of 2 CPUs

Starting Placer Task

Phase 1 Placer Initialization

Phase 1.1 Placer Initialization Netlist Sorting
Netlist sorting complete. Time (s): cpu = 00:00:00 ; elapsed = 00:00:00.008 . Memory (MB): peak = 2087.629 ; gain = 0.000
Phase 1.1 Placer Initialization Netlist Sorting | Checksum: 17c5412dd

Time (s): cpu = 00:00:00 ; elapsed = 00:00:00.014 . Memory (MB): peak = 2087.629 ; gain = 0.000
Netlist sorting complete. Time (s): cpu = 00:00:00 ; elapsed = 00:00:00.009 . Memory (MB): peak = 2087.629 ; gain = 0.000

Phase 1.2 IO Placement/ Clock Placement/ Build Placer Device
Phase 1.2 IO Placement/ Clock Placement/ Build Placer Device | Checksum: 1fa4aa6b4

Time (s): cpu = 00:00:02 ; elapsed = 00:00:01 . Memory (MB): peak = 2087.629 ; gain = 0.000

Phase 1.3 Build Placer Netlist Model
Phase 1.3 Build Placer Netlist Model | Checksum: 2b4c59e02

Time (s): cpu = 00:00:05 ; elapsed = 00:00:03 . Memory (MB): peak = 2087.629 ; gain = 0.000

Phase 1.4 Constrain Clocks/Macros
Phase 1.4 Constrain Clocks/Macros | Checksum: 2b4c59e02

Time (s): cpu = 00:00:05 ; elapsed = 00:00:03 . Memory (MB): peak = 2087.629 ; gain = 0.000
Phase 1 Placer Initialization | Checksum: 2b4c59e02

Time (s): cpu = 00:00:05 ; elapsed = 00:00:03 . Memory (MB): peak = 2087.629 ; gain = 0.000

Phase 2 Global Placement

Phase 2.1 Floorplanning
Phase 2.1 Floorplanning | Checksum: 30ed521be

Time (s): cpu = 00:00:07 ; elapsed = 00:00:04 . Memory (MB): peak = 2087.629 ; gain = 0.000

Phase 2.2 Update Timing before SLR Path Opt
Phase 2.2 Update Timing before SLR Path Opt | Checksum: 290f91667

Time (s): cpu = 00:00:08 ; elapsed = 00:00:05 . Memory (MB): peak = 2087.629 ; gain = 0.000

Phase 2.3 Post-Processing in Floorplanning
Phase 2.3 Post-Processing in Floorplanning | Checksum: 290f91667

Time (s): cpu = 00:00:08 ; elapsed = 00:00:05 . Memory (MB): peak = 2087.629 ; gain = 0.000

Phase 2.4 Global Place Phase1
