Vivado Simulator v2025.2
Copyright 1986-2022 Xilinx, Inc. All Rights Reserved.
Copyright 2022-2025 Advanced Micro Devices, Inc. All Rights Reserved.
Running: C:/AMDDesignTools/2025.2/Vivado/bin/unwrapped/win64.o/xelab.exe --incr --debug typical --relax --mt 2 -L xil_defaultlib -L unisims_ver -L unimacro_ver -L secureip -L xpm --snapshot tb_eth_rx_new_behav xil_defaultlib.tb_eth_rx_new xil_defaultlib.glbl -log elaborate.log 
Using 2 slave threads.
Starting static elaboration
Pass Through NonSizing Optimizer
Completed static elaboration
Starting simulation data flow analysis
Completed simulation data flow analysis
Time Resolution for simulation is 1ps
Compiling package std.standard
Compiling package std.textio
Compiling package ieee.std_logic_1164
Compiling package ieee.numeric_std
Compiling package xil_defaultlib.eth_rx_package
Compiling package std.env
Compiling package xpm.vcomponents
Compiling package vl.vl_types
Compiling module xil_defaultlib.glbl
Compiling module xpm.xpm_cdc_sync_rst(DEST_SYNC_FF=2,...
Compiling module xpm.xpm_fifo_rst(COMMON_CLOCK=0)
Compiling module xpm.xpm_fifo_reg_bit
Compiling module xpm.xpm_counter_updn(COUNTER_WIDTH=1...
Compiling module xpm.xpm_counter_updn(COUNTER_WIDTH=9...
Compiling module xpm.xpm_counter_updn(COUNTER_WIDTH=9...
Compiling module xpm.xpm_memory_base(MEMORY_TYPE=1,ME...
Compiling module xpm.xpm_cdc_gray(DEST_SYNC_FF=2,INIT...
Compiling module xpm.xpm_fifo_reg_vec(REG_WIDTH=9)
Compiling module xpm.xpm_cdc_gray(DEST_SYNC_FF=2,INIT...
Compiling module xpm.xpm_fifo_reg_vec(REG_WIDTH=10)
Compiling module xpm.xpm_fifo_base(COMMON_CLOCK=0,FIF...
Compiling module xpm.xpm_fifo_async(FIFO_MEMORY_TYPE=...
Compiling architecture rtl of entity xil_defaultlib.rmii_mac_rx [rmii_mac_rx_default]
Compiling architecture rtl of entity xil_defaultlib.dma_payload_collector [dma_payload_collector_default]
Compiling architecture rtl of entity xil_defaultlib.dma_axi_writer [dma_axi_writer_default]
Compiling architecture rtl of entity xil_defaultlib.dma_status_manager [dma_status_manager_default]
Compiling architecture rtl of entity xil_defaultlib.eth_rx_dma [eth_rx_dma_default]
Compiling architecture rtl of entity xil_defaultlib.eth_rx [eth_rx_default]
Compiling architecture sim of entity xil_defaultlib.tb_eth_rx_new
Built simulation snapshot tb_eth_rx_new_behav
